[35m[Appium][39m Welcome to Appium v1.22.3
[35m[Appium][39m Non-default server args:
[35m[Appium][39m   port: 63578
[35m[Appium][39m   loglevel: info
[35m[Appium][39m   tmpDir: C:\Users\User\AppData\Local\Temp\\Katalon\Appium\Temp1671357522891
[35m[Appium][39m   chromedriverPort: 63579
[35m[Appium][39m Deprecated server args:
[35m[Appium][39m   [31m--chromedriver-port[39m => --default-capabilities
[35m[Appium][39m Default capabilities, which will be added to each request unless overridden by desired capabilities:
[35m[Appium][39m   chromedriverPort: 63579
[35m[Appium][39m Appium REST http interface listener started on 0.0.0.0:63578
[35m[HTTP][39m [37m-->[39m [37mGET[39m [37m/wd/hub/status[39m
[35m[HTTP][39m [90m{}[39m
[35m[HTTP][39m [37m<-- GET /wd/hub/status [39m[32m200[39m [90m6 ms - 68[39m
[35m[HTTP][39m [90m[39m
[35m[HTTP][39m [37m-->[39m [37mGET[39m [37m/wd/hub/status[39m
[35m[HTTP][39m [90m{}[39m
[35m[HTTP][39m [37m<-- GET /wd/hub/status [39m[32m200[39m [90m1 ms - 68[39m
[35m[HTTP][39m [90m[39m
[35m[HTTP][39m [37m-->[39m [37mPOST[39m [37m/wd/hub/session[39m
[35m[HTTP][39m [90m{"desiredCapabilities":{"appActivity":".Settings","appPackage":"com.android.settings","newCommandTimeout":1800,"platformVersion":"12","automationName":"uiautomator2","autoGrantPermissions":true,"platformName":"Android","udid":"192.168.0.5:5555","deviceName":"LGE LM-V510N (Android 12)","platform":"ANDROID","systemPort":8210},"capabilities":{"firstMatch":[{"appium:appActivity":".Settings","appium:appPackage":"com.android.settings","appium:autoGrantPermissions":true,"appium:automationName":"uiautomator2","appium:deviceName":"LGE LM-V510N (Android 12)","appium:newCommandTimeout":1800,"platform":"ANDROID","platformName":"android","appium:platformVersion":"12","appium:systemPort":8210,"appium:udid":"192.168.0.5:5555"}]}}[39m
[35m[BaseDriver][39m The following capabilities are not standard capabilities and should have an extension prefix:
[35m[BaseDriver][39m   platform
[35m[BaseDriver][39m   chromedriverPort
[35m[Appium][39m Appium v1.22.3 creating new AndroidUiautomator2Driver (v1.70.1) session
[35m[BaseDriver][39m The following capabilities were provided, but are not recognized by Appium:
[35m[BaseDriver][39m   platform
[35m[BaseDriver][39m Session created with session id: 1074cbea-58a7-4cd3-9fdd-6ed4cb6e2ebe
[35m[UiAutomator2][39m Starting 'com.android.settings' directly on the device
[35m[ADB][39m Found 1 'build-tools' folders under 'C:\Users\User\.katalon\tools\android_sdk' (newest first):
[35m[ADB][39m     C:/Users/User/.katalon/tools/android_sdk/build-tools/29.0.3
[35m[ADB][39m Using 'adb.exe' from 'C:\Users\User\.katalon\tools\android_sdk\platform-tools\adb.exe'
[35m[AndroidDriver][39m Retrieving device list
[35m[AndroidDriver][39m Using device: 192.168.0.5:5555
[35m[ADB][39m Using 'adb.exe' from 'C:\Users\User\.katalon\tools\android_sdk\platform-tools\adb.exe'
[35m[ADB][39m Getting device platform version
[35m[UiAutomator2][39m Relaxing hidden api policy
[35m[AndroidDriver][39m No app sent in, not parsing package/activity
[35m[ADB][39m Using 'apksigner.jar' from 'C:\Users\User\.katalon\tools\android_sdk\build-tools\29.0.3\lib\apksigner.jar'
[35m[ADB][39m 'C:\Users\User\AppData\Roaming\npm\node_modules\appium\node_modules\appium-uiautomator2-server\apks\appium-uiautomator2-server-v4.27.0.apk' is signed with the default certificate
[35m[ADB][39m 'C:\Users\User\AppData\Roaming\npm\node_modules\appium\node_modules\appium-uiautomator2-server\apks\appium-uiautomator2-server-debug-androidTest.apk' is signed with the default certificate
[35m[UiAutomator2][39m Server packages are not going to be (re)installed
[35m[ADB][39m Adding packages ["io.appium.settings","io.appium.uiautomator2.server","io.appium.uiautomator2.server.test"] to Doze whitelist
[35m[UiAutomator2][39m Starting UIAutomator2 server 4.27.0
[35m[UiAutomator2][39m Using UIAutomator2 server from 'C:\Users\User\AppData\Roaming\npm\node_modules\appium\node_modules\appium-uiautomator2-server\apks\appium-uiautomator2-server-v4.27.0.apk' and test from 'C:\Users\User\AppData\Roaming\npm\node_modules\appium\node_modules\appium-uiautomator2-server\apks\appium-uiautomator2-server-debug-androidTest.apk'
[35m[UiAutomator2][39m Waiting up to 30000ms for UiAutomator2 to be online...
[35m[WD Proxy][39m socket hang up
[35m[WD Proxy][39m socket hang up
[35m[WD Proxy][39m Determined the downstream protocol as 'W3C'
[35m[AndroidDriver][39m Screen already unlocked, doing nothing
[35m[UiAutomator2][39m Starting 'com.android.settings/.Settings and waiting for 'com.android.settings/.Settings'
[35m[Appium][39m New AndroidUiautomator2Driver session created successfully, session 1074cbea-58a7-4cd3-9fdd-6ed4cb6e2ebe added to master session list
[35m[HTTP][39m [37m<-- POST /wd/hub/session [39m[32m200[39m [90m9576 ms - 1170[39m
[35m[HTTP][39m [90m[39m
[35m[HTTP][39m [37m-->[39m [37mGET[39m [37m/wd/hub/session/1074cbea-58a7-4cd3-9fdd-6ed4cb6e2ebe[39m
[35m[HTTP][39m [90m{}[39m
[35m[HTTP][39m [37m<-- GET /wd/hub/session/1074cbea-58a7-4cd3-9fdd-6ed4cb6e2ebe [39m[32m200[39m [90m15 ms - 1124[39m
[35m[HTTP][39m [90m[39m
[35m[HTTP][39m [37m-->[39m [37mGET[39m [37m/wd/hub/session/1074cbea-58a7-4cd3-9fdd-6ed4cb6e2ebe[39m
[35m[HTTP][39m [90m{}[39m
[35m[HTTP][39m [37m<-- GET /wd/hub/session/1074cbea-58a7-4cd3-9fdd-6ed4cb6e2ebe [39m[32m200[39m [90m17 ms - 1124[39m
[35m[HTTP][39m [90m[39m
[35m[HTTP][39m [37m-->[39m [37mGET[39m [37m/wd/hub/status[39m
[35m[HTTP][39m [90m{}[39m
[35m[HTTP][39m [37m<-- GET /wd/hub/status [39m[32m200[39m [90m1 ms - 68[39m
[35m[HTTP][39m [90m[39m
[35m[HTTP][39m [37m-->[39m [37mPOST[39m [37m/wd/hub/session/1074cbea-58a7-4cd3-9fdd-6ed4cb6e2ebe/timeouts[39m
[35m[HTTP][39m [90m{"implicit":60000}[39m
[35m[HTTP][39m [37m<-- POST /wd/hub/session/1074cbea-58a7-4cd3-9fdd-6ed4cb6e2ebe/timeouts [39m[32m200[39m [90m2 ms - 14[39m
[35m[HTTP][39m [90m[39m
[35m[HTTP][39m [37m-->[39m [37mGET[39m [37m/wd/hub/session/1074cbea-58a7-4cd3-9fdd-6ed4cb6e2ebe/screenshot[39m
[35m[HTTP][39m [90m{}[39m
[35m[HTTP][39m [37m<-- GET /wd/hub/session/1074cbea-58a7-4cd3-9fdd-6ed4cb6e2ebe/screenshot [39m[32m200[39m [90m287 ms - 358734[39m
[35m[HTTP][39m [90m[39m
[35m[HTTP][39m [37m-->[39m [37mGET[39m [37m/wd/hub/session/1074cbea-58a7-4cd3-9fdd-6ed4cb6e2ebe/window/rect[39m
[35m[HTTP][39m [90m{}[39m
[35m[HTTP][39m [37m<-- GET /wd/hub/session/1074cbea-58a7-4cd3-9fdd-6ed4cb6e2ebe/window/rect [39m[32m200[39m [90m24 ms - 50[39m
[35m[HTTP][39m [90m[39m
[35m[HTTP][39m [37m-->[39m [37mGET[39m [37m/wd/hub/session/1074cbea-58a7-4cd3-9fdd-6ed4cb6e2ebe/appium/device/system_bars[39m
[35m[HTTP][39m [90m{}[39m
[35m[HTTP][39m [37m<-- GET /wd/hub/session/1074cbea-58a7-4cd3-9fdd-6ed4cb6e2ebe/appium/device/system_bars [39m[32m200[39m [90m116 ms - 145[39m
[35m[HTTP][39m [90m[39m
[35m[HTTP][39m [37m-->[39m [37mPOST[39m [37m/wd/hub/session/1074cbea-58a7-4cd3-9fdd-6ed4cb6e2ebe/appium/device/activate_app[39m
[35m[HTTP][39m [90m{"bundleId":"com.socialnmobile.dictapps.notepad.color.note"}[39m
[35m[HTTP][39m [37m<-- POST /wd/hub/session/1074cbea-58a7-4cd3-9fdd-6ed4cb6e2ebe/appium/device/activate_app [39m[32m200[39m [90m370 ms - 14[39m
[35m[HTTP][39m [90m[39m
[35m[HTTP][39m [37m-->[39m [37mGET[39m [37m/wd/hub/session/1074cbea-58a7-4cd3-9fdd-6ed4cb6e2ebe/source[39m
[35m[HTTP][39m [90m{}[39m
[35m[W3C (1074cbea)][39m Driver proxy active, passing request on via HTTP proxy
[35m[WD Proxy][39m Replacing sessionId 84d38d4c-9343-4941-9e38-2697b5fabfe3 with 1074cbea-58a7-4cd3-9fdd-6ed4cb6e2ebe
[35m[HTTP][39m [37m<-- GET /wd/hub/session/1074cbea-58a7-4cd3-9fdd-6ed4cb6e2ebe/source [39m[32m200[39m [90m795 ms - 28474[39m
[35m[HTTP][39m [90m[39m
[35m[HTTP][39m [37m-->[39m [37mGET[39m [37m/wd/hub/session/1074cbea-58a7-4cd3-9fdd-6ed4cb6e2ebe/screenshot[39m
[35m[HTTP][39m [90m{}[39m
[35m[HTTP][39m [37m<-- GET /wd/hub/session/1074cbea-58a7-4cd3-9fdd-6ed4cb6e2ebe/screenshot [39m[32m200[39m [90m359 ms - 176794[39m
[35m[HTTP][39m [90m[39m
[35m[HTTP][39m [37m-->[39m [37mPOST[39m [37m/wd/hub/session/1074cbea-58a7-4cd3-9fdd-6ed4cb6e2ebe/elements[39m
[35m[HTTP][39m [90m{"using":"xpath","value":"//*[@class = 'android.widget.TextView' and (@text = 'Regression Testing' or . = 'Regression Testing') and @resource-id = 'com.socialnmobile.dictapps.notepad.color.note:id/title']"}[39m
[35m[HTTP][39m [37m<-- POST /wd/hub/session/1074cbea-58a7-4cd3-9fdd-6ed4cb6e2ebe/elements [39m[32m200[39m [90m595 ms - 139[39m
[35m[HTTP][39m [90m[39m
[35m[HTTP][39m [37m-->[39m [37mGET[39m [37m/wd/hub/session/1074cbea-58a7-4cd3-9fdd-6ed4cb6e2ebe/window/rect[39m
[35m[HTTP][39m [90m{}[39m
[35m[HTTP][39m [37m<-- GET /wd/hub/session/1074cbea-58a7-4cd3-9fdd-6ed4cb6e2ebe/window/rect [39m[32m200[39m [90m15 ms - 50[39m
[35m[HTTP][39m [90m[39m
[35m[HTTP][39m [37m-->[39m [37mPOST[39m [37m/wd/hub/session/1074cbea-58a7-4cd3-9fdd-6ed4cb6e2ebe/elements[39m
[35m[HTTP][39m [90m{"using":"xpath","value":"//*[@class = 'android.widget.TextView' and (@text = 'Regression Testing' or . = 'Regression Testing') and @resource-id = 'com.socialnmobile.dictapps.notepad.color.note:id/title']"}[39m
[35m[HTTP][39m [37m<-- POST /wd/hub/session/1074cbea-58a7-4cd3-9fdd-6ed4cb6e2ebe/elements [39m[32m200[39m [90m312 ms - 139[39m
[35m[HTTP][39m [90m[39m
[35m[HTTP][39m [37m-->[39m [37mGET[39m [37m/wd/hub/session/1074cbea-58a7-4cd3-9fdd-6ed4cb6e2ebe/element/00000000-0000-19ec-ffff-ffff0000014d/location[39m
[35m[HTTP][39m [90m{}[39m
[35m[W3C (1074cbea)][39m Driver proxy active, passing request on via HTTP proxy
[35m[WD Proxy][39m Replacing sessionId 84d38d4c-9343-4941-9e38-2697b5fabfe3 with 1074cbea-58a7-4cd3-9fdd-6ed4cb6e2ebe
[35m[HTTP][39m [37m<-- GET /wd/hub/session/1074cbea-58a7-4cd3-9fdd-6ed4cb6e2ebe/element/00000000-0000-19ec-ffff-ffff0000014d/location [39m[32m200[39m [90m64 ms - 77[39m
[35m[HTTP][39m [90m[39m
[35m[HTTP][39m [37m-->[39m [37mPOST[39m [37m/wd/hub/session/1074cbea-58a7-4cd3-9fdd-6ed4cb6e2ebe/touch/perform[39m
[35m[HTTP][39m [90m{"actions":[{"action":"longPress","options":{"element":"00000000-0000-19ec-ffff-ffff0000014d"}},{"action":"release","options":{}}]}[39m
[35m[UiAutomator2][39m calling get location: 00000000-0000-19ec-ffff-ffff0000014d
[35m[HTTP][39m [37m<-- POST /wd/hub/session/1074cbea-58a7-4cd3-9fdd-6ed4cb6e2ebe/touch/perform [39m[32m200[39m [90m2690 ms - 14[39m
[35m[HTTP][39m [90m[39m
[35m[HTTP][39m [37m-->[39m [37mGET[39m [37m/wd/hub/session/1074cbea-58a7-4cd3-9fdd-6ed4cb6e2ebe/source[39m
[35m[HTTP][39m [90m{}[39m
[35m[W3C (1074cbea)][39m Driver proxy active, passing request on via HTTP proxy
[35m[WD Proxy][39m Replacing sessionId 84d38d4c-9343-4941-9e38-2697b5fabfe3 with 1074cbea-58a7-4cd3-9fdd-6ed4cb6e2ebe
[35m[HTTP][39m [37m<-- GET /wd/hub/session/1074cbea-58a7-4cd3-9fdd-6ed4cb6e2ebe/source [39m[32m200[39m [90m232 ms - 33688[39m
[35m[HTTP][39m [90m[39m
[35m[HTTP][39m [37m-->[39m [37mGET[39m [37m/wd/hub/session/1074cbea-58a7-4cd3-9fdd-6ed4cb6e2ebe/screenshot[39m
[35m[HTTP][39m [90m{}[39m
[35m[HTTP][39m [37m<-- GET /wd/hub/session/1074cbea-58a7-4cd3-9fdd-6ed4cb6e2ebe/screenshot [39m[32m200[39m [90m376 ms - 162812[39m
[35m[HTTP][39m [90m[39m
[35m[HTTP][39m [37m-->[39m [37mPOST[39m [37m/wd/hub/session/1074cbea-58a7-4cd3-9fdd-6ed4cb6e2ebe/elements[39m
[35m[HTTP][39m [90m{"using":"xpath","value":"//*[@class = 'android.widget.TextView' and (@text = 'Cloud Testing' or . = 'Cloud Testing') and @resource-id = 'com.socialnmobile.dictapps.notepad.color.note:id/title']"}[39m
[35m[HTTP][39m [37m<-- POST /wd/hub/session/1074cbea-58a7-4cd3-9fdd-6ed4cb6e2ebe/elements [39m[32m200[39m [90m344 ms - 139[39m
[35m[HTTP][39m [90m[39m
[35m[HTTP][39m [37m-->[39m [37mGET[39m [37m/wd/hub/session/1074cbea-58a7-4cd3-9fdd-6ed4cb6e2ebe/window/rect[39m
[35m[HTTP][39m [90m{}[39m
[35m[HTTP][39m [37m<-- GET /wd/hub/session/1074cbea-58a7-4cd3-9fdd-6ed4cb6e2ebe/window/rect [39m[32m200[39m [90m11 ms - 50[39m
[35m[HTTP][39m [90m[39m
[35m[HTTP][39m [37m-->[39m [37mPOST[39m [37m/wd/hub/session/1074cbea-58a7-4cd3-9fdd-6ed4cb6e2ebe/elements[39m
[35m[HTTP][39m [90m{"using":"xpath","value":"//*[@class = 'android.widget.TextView' and (@text = 'Cloud Testing' or . = 'Cloud Testing') and @resource-id = 'com.socialnmobile.dictapps.notepad.color.note:id/title']"}[39m
[35m[HTTP][39m [37m<-- POST /wd/hub/session/1074cbea-58a7-4cd3-9fdd-6ed4cb6e2ebe/elements [39m[32m200[39m [90m354 ms - 139[39m
[35m[HTTP][39m [90m[39m
[35m[HTTP][39m [37m-->[39m [37mGET[39m [37m/wd/hub/session/1074cbea-58a7-4cd3-9fdd-6ed4cb6e2ebe/element/00000000-0000-19ec-ffff-ffff000001b4/location[39m
[35m[HTTP][39m [90m{}[39m
[35m[W3C (1074cbea)][39m Driver proxy active, passing request on via HTTP proxy
[35m[WD Proxy][39m Replacing sessionId 84d38d4c-9343-4941-9e38-2697b5fabfe3 with 1074cbea-58a7-4cd3-9fdd-6ed4cb6e2ebe
[35m[HTTP][39m [37m<-- GET /wd/hub/session/1074cbea-58a7-4cd3-9fdd-6ed4cb6e2ebe/element/00000000-0000-19ec-ffff-ffff000001b4/location [39m[32m200[39m [90m20 ms - 77[39m
[35m[HTTP][39m [90m[39m
[35m[HTTP][39m [37m-->[39m [37mPOST[39m [37m/wd/hub/session/1074cbea-58a7-4cd3-9fdd-6ed4cb6e2ebe/element/00000000-0000-19ec-ffff-ffff000001b4/click[39m
[35m[HTTP][39m [90m{"id":"00000000-0000-19ec-ffff-ffff000001b4"}[39m
[35m[HTTP][39m [37m<-- POST /wd/hub/session/1074cbea-58a7-4cd3-9fdd-6ed4cb6e2ebe/element/00000000-0000-19ec-ffff-ffff000001b4/click [39m[32m200[39m [90m676 ms - 14[39m
[35m[HTTP][39m [90m[39m
[35m[HTTP][39m [37m-->[39m [37mGET[39m [37m/wd/hub/session/1074cbea-58a7-4cd3-9fdd-6ed4cb6e2ebe/source[39m
[35m[HTTP][39m [90m{}[39m
[35m[W3C (1074cbea)][39m Driver proxy active, passing request on via HTTP proxy
[35m[WD Proxy][39m Replacing sessionId 84d38d4c-9343-4941-9e38-2697b5fabfe3 with 1074cbea-58a7-4cd3-9fdd-6ed4cb6e2ebe
[35m[HTTP][39m [37m<-- GET /wd/hub/session/1074cbea-58a7-4cd3-9fdd-6ed4cb6e2ebe/source [39m[32m200[39m [90m203 ms - 33689[39m
[35m[HTTP][39m [90m[39m
[35m[HTTP][39m [37m-->[39m [37mGET[39m [37m/wd/hub/session/1074cbea-58a7-4cd3-9fdd-6ed4cb6e2ebe/screenshot[39m
[35m[HTTP][39m [90m{}[39m
[35m[HTTP][39m [37m<-- GET /wd/hub/session/1074cbea-58a7-4cd3-9fdd-6ed4cb6e2ebe/screenshot [39m[32m200[39m [90m348 ms - 163484[39m
[35m[HTTP][39m [90m[39m
[35m[HTTP][39m [37m-->[39m [37mPOST[39m [37m/wd/hub/session/1074cbea-58a7-4cd3-9fdd-6ed4cb6e2ebe/elements[39m
[35m[HTTP][39m [90m{"using":"xpath","value":"//*[@class = 'android.widget.TextView' and (@text = 'Archive' or . = 'Archive') and @resource-id = 'com.socialnmobile.dictapps.notepad.color.note:id/text']"}[39m
[35m[HTTP][39m [37m<-- POST /wd/hub/session/1074cbea-58a7-4cd3-9fdd-6ed4cb6e2ebe/elements [39m[32m200[39m [90m307 ms - 139[39m
[35m[HTTP][39m [90m[39m
[35m[HTTP][39m [37m-->[39m [37mGET[39m [37m/wd/hub/session/1074cbea-58a7-4cd3-9fdd-6ed4cb6e2ebe/window/rect[39m
[35m[HTTP][39m [90m{}[39m
[35m[HTTP][39m [37m<-- GET /wd/hub/session/1074cbea-58a7-4cd3-9fdd-6ed4cb6e2ebe/window/rect [39m[32m200[39m [90m15 ms - 50[39m
[35m[HTTP][39m [90m[39m
[35m[HTTP][39m [37m-->[39m [37mPOST[39m [37m/wd/hub/session/1074cbea-58a7-4cd3-9fdd-6ed4cb6e2ebe/elements[39m
[35m[HTTP][39m [90m{"using":"xpath","value":"//*[@class = 'android.widget.TextView' and (@text = 'Archive' or . = 'Archive') and @resource-id = 'com.socialnmobile.dictapps.notepad.color.note:id/text']"}[39m
[35m[HTTP][39m [37m<-- POST /wd/hub/session/1074cbea-58a7-4cd3-9fdd-6ed4cb6e2ebe/elements [39m[32m200[39m [90m261 ms - 139[39m
[35m[HTTP][39m [90m[39m
[35m[HTTP][39m [37m-->[39m [37mGET[39m [37m/wd/hub/session/1074cbea-58a7-4cd3-9fdd-6ed4cb6e2ebe/element/00000000-0000-19ec-ffff-ffff000001bd/location[39m
[35m[HTTP][39m [90m{}[39m
[35m[W3C (1074cbea)][39m Driver proxy active, passing request on via HTTP proxy
[35m[WD Proxy][39m Replacing sessionId 84d38d4c-9343-4941-9e38-2697b5fabfe3 with 1074cbea-58a7-4cd3-9fdd-6ed4cb6e2ebe
[35m[HTTP][39m [37m<-- GET /wd/hub/session/1074cbea-58a7-4cd3-9fdd-6ed4cb6e2ebe/element/00000000-0000-19ec-ffff-ffff000001bd/location [39m[32m200[39m [90m30 ms - 77[39m
[35m[HTTP][39m [90m[39m
[35m[HTTP][39m [37m-->[39m [37mPOST[39m [37m/wd/hub/session/1074cbea-58a7-4cd3-9fdd-6ed4cb6e2ebe/elements[39m
[35m[HTTP][39m [90m{"using":"xpath","value":"//*[@class = 'android.widget.TextView' and (@text = 'Archive' or . = 'Archive') and @resource-id = 'com.socialnmobile.dictapps.notepad.color.note:id/text']"}[39m
[35m[HTTP][39m [37m<-- POST /wd/hub/session/1074cbea-58a7-4cd3-9fdd-6ed4cb6e2ebe/elements [39m[32m200[39m [90m230 ms - 139[39m
[35m[HTTP][39m [90m[39m
[35m[HTTP][39m [37m-->[39m [37mGET[39m [37m/wd/hub/session/1074cbea-58a7-4cd3-9fdd-6ed4cb6e2ebe/element/00000000-0000-19ec-ffff-ffff000001bd/location[39m
[35m[HTTP][39m [90m{}[39m
[35m[W3C (1074cbea)][39m Driver proxy active, passing request on via HTTP proxy
[35m[WD Proxy][39m Replacing sessionId 84d38d4c-9343-4941-9e38-2697b5fabfe3 with 1074cbea-58a7-4cd3-9fdd-6ed4cb6e2ebe
[35m[HTTP][39m [37m<-- GET /wd/hub/session/1074cbea-58a7-4cd3-9fdd-6ed4cb6e2ebe/element/00000000-0000-19ec-ffff-ffff000001bd/location [39m[32m200[39m [90m58 ms - 77[39m
[35m[HTTP][39m [90m[39m
[35m[HTTP][39m [37m-->[39m [37mPOST[39m [37m/wd/hub/session/1074cbea-58a7-4cd3-9fdd-6ed4cb6e2ebe/elements[39m
[35m[HTTP][39m [90m{"using":"xpath","value":"//*[@class = 'android.widget.TextView' and (@text = 'Archive' or . = 'Archive') and @resource-id = 'com.socialnmobile.dictapps.notepad.color.note:id/text']"}[39m
[35m[HTTP][39m [37m<-- POST /wd/hub/session/1074cbea-58a7-4cd3-9fdd-6ed4cb6e2ebe/elements [39m[32m200[39m [90m253 ms - 139[39m
[35m[HTTP][39m [90m[39m
[35m[HTTP][39m [37m-->[39m [37mGET[39m [37m/wd/hub/session/1074cbea-58a7-4cd3-9fdd-6ed4cb6e2ebe/element/00000000-0000-19ec-ffff-ffff000001bd/location[39m
[35m[HTTP][39m [90m{}[39m
[35m[W3C (1074cbea)][39m Driver proxy active, passing request on via HTTP proxy
[35m[WD Proxy][39m Replacing sessionId 84d38d4c-9343-4941-9e38-2697b5fabfe3 with 1074cbea-58a7-4cd3-9fdd-6ed4cb6e2ebe
[35m[HTTP][39m [37m<-- GET /wd/hub/session/1074cbea-58a7-4cd3-9fdd-6ed4cb6e2ebe/element/00000000-0000-19ec-ffff-ffff000001bd/location [39m[32m200[39m [90m28 ms - 77[39m
[35m[HTTP][39m [90m[39m
[35m[HTTP][39m [37m-->[39m [37mPOST[39m [37m/wd/hub/session/1074cbea-58a7-4cd3-9fdd-6ed4cb6e2ebe/elements[39m
[35m[HTTP][39m [90m{"using":"xpath","value":"//*[@class = 'android.widget.TextView' and (@text = 'Archive' or . = 'Archive') and @resource-id = 'com.socialnmobile.dictapps.notepad.color.note:id/text']"}[39m
[35m[HTTP][39m [37m<-- POST /wd/hub/session/1074cbea-58a7-4cd3-9fdd-6ed4cb6e2ebe/elements [39m[32m200[39m [90m271 ms - 139[39m
[35m[HTTP][39m [90m[39m
[35m[HTTP][39m [37m-->[39m [37mGET[39m [37m/wd/hub/session/1074cbea-58a7-4cd3-9fdd-6ed4cb6e2ebe/element/00000000-0000-19ec-ffff-ffff000001bd/location[39m
[35m[HTTP][39m [90m{}[39m
[35m[W3C (1074cbea)][39m Driver proxy active, passing request on via HTTP proxy
[35m[WD Proxy][39m Replacing sessionId 84d38d4c-9343-4941-9e38-2697b5fabfe3 with 1074cbea-58a7-4cd3-9fdd-6ed4cb6e2ebe
[35m[HTTP][39m [37m<-- GET /wd/hub/session/1074cbea-58a7-4cd3-9fdd-6ed4cb6e2ebe/element/00000000-0000-19ec-ffff-ffff000001bd/location [39m[32m200[39m [90m63 ms - 77[39m
[35m[HTTP][39m [90m[39m
[35m[HTTP][39m [37m-->[39m [37mPOST[39m [37m/wd/hub/session/1074cbea-58a7-4cd3-9fdd-6ed4cb6e2ebe/elements[39m
[35m[HTTP][39m [90m{"using":"xpath","value":"//*[@class = 'android.widget.TextView' and (@text = 'Archive' or . = 'Archive') and @resource-id = 'com.socialnmobile.dictapps.notepad.color.note:id/text']"}[39m
[35m[HTTP][39m [37m<-- POST /wd/hub/session/1074cbea-58a7-4cd3-9fdd-6ed4cb6e2ebe/elements [39m[32m200[39m [90m251 ms - 139[39m
[35m[HTTP][39m [90m[39m
[35m[HTTP][39m [37m-->[39m [37mGET[39m [37m/wd/hub/session/1074cbea-58a7-4cd3-9fdd-6ed4cb6e2ebe/element/00000000-0000-19ec-ffff-ffff000001bd/location[39m
[35m[HTTP][39m [90m{}[39m
[35m[W3C (1074cbea)][39m Driver proxy active, passing request on via HTTP proxy
[35m[WD Proxy][39m Replacing sessionId 84d38d4c-9343-4941-9e38-2697b5fabfe3 with 1074cbea-58a7-4cd3-9fdd-6ed4cb6e2ebe
[35m[HTTP][39m [37m<-- GET /wd/hub/session/1074cbea-58a7-4cd3-9fdd-6ed4cb6e2ebe/element/00000000-0000-19ec-ffff-ffff000001bd/location [39m[32m200[39m [90m28 ms - 77[39m
[35m[HTTP][39m [90m[39m
[35m[HTTP][39m [37m-->[39m [37mPOST[39m [37m/wd/hub/session/1074cbea-58a7-4cd3-9fdd-6ed4cb6e2ebe/elements[39m
[35m[HTTP][39m [90m{"using":"xpath","value":"//*[@class = 'android.widget.TextView' and (@text = 'Archive' or . = 'Archive') and @resource-id = 'com.socialnmobile.dictapps.notepad.color.note:id/text']"}[39m
[35m[HTTP][39m [37m<-- POST /wd/hub/session/1074cbea-58a7-4cd3-9fdd-6ed4cb6e2ebe/elements [39m[32m200[39m [90m245 ms - 139[39m
[35m[HTTP][39m [90m[39m
[35m[HTTP][39m [37m-->[39m [37mGET[39m [37m/wd/hub/session/1074cbea-58a7-4cd3-9fdd-6ed4cb6e2ebe/element/00000000-0000-19ec-ffff-ffff000001bd/location[39m
[35m[HTTP][39m [90m{}[39m
[35m[W3C (1074cbea)][39m Driver proxy active, passing request on via HTTP proxy
[35m[WD Proxy][39m Replacing sessionId 84d38d4c-9343-4941-9e38-2697b5fabfe3 with 1074cbea-58a7-4cd3-9fdd-6ed4cb6e2ebe
[35m[HTTP][39m [37m<-- GET /wd/hub/session/1074cbea-58a7-4cd3-9fdd-6ed4cb6e2ebe/element/00000000-0000-19ec-ffff-ffff000001bd/location [39m[32m200[39m [90m70 ms - 77[39m
[35m[HTTP][39m [90m[39m
[35m[HTTP][39m [37m-->[39m [37mPOST[39m [37m/wd/hub/session/1074cbea-58a7-4cd3-9fdd-6ed4cb6e2ebe/elements[39m
[35m[HTTP][39m [90m{"using":"xpath","value":"//*[@class = 'android.widget.TextView' and (@text = 'Archive' or . = 'Archive') and @resource-id = 'com.socialnmobile.dictapps.notepad.color.note:id/text']"}[39m
[35m[HTTP][39m [37m<-- POST /wd/hub/session/1074cbea-58a7-4cd3-9fdd-6ed4cb6e2ebe/elements [39m[32m200[39m [90m254 ms - 139[39m
[35m[HTTP][39m [90m[39m
[35m[HTTP][39m [37m-->[39m [37mGET[39m [37m/wd/hub/session/1074cbea-58a7-4cd3-9fdd-6ed4cb6e2ebe/element/00000000-0000-19ec-ffff-ffff000001bd/location[39m
[35m[HTTP][39m [90m{}[39m
[35m[W3C (1074cbea)][39m Driver proxy active, passing request on via HTTP proxy
[35m[WD Proxy][39m Replacing sessionId 84d38d4c-9343-4941-9e38-2697b5fabfe3 with 1074cbea-58a7-4cd3-9fdd-6ed4cb6e2ebe
[35m[HTTP][39m [37m<-- GET /wd/hub/session/1074cbea-58a7-4cd3-9fdd-6ed4cb6e2ebe/element/00000000-0000-19ec-ffff-ffff000001bd/location [39m[32m200[39m [90m32 ms - 77[39m
[35m[HTTP][39m [90m[39m
[35m[HTTP][39m [37m-->[39m [37mPOST[39m [37m/wd/hub/session/1074cbea-58a7-4cd3-9fdd-6ed4cb6e2ebe/elements[39m
[35m[HTTP][39m [90m{"using":"xpath","value":"//*[@class = 'android.widget.TextView' and (@text = 'Archive' or . = 'Archive') and @resource-id = 'com.socialnmobile.dictapps.notepad.color.note:id/text']"}[39m
[35m[HTTP][39m [37m<-- POST /wd/hub/session/1074cbea-58a7-4cd3-9fdd-6ed4cb6e2ebe/elements [39m[32m200[39m [90m197 ms - 139[39m
[35m[HTTP][39m [90m[39m
[35m[HTTP][39m [37m-->[39m [37mGET[39m [37m/wd/hub/session/1074cbea-58a7-4cd3-9fdd-6ed4cb6e2ebe/element/00000000-0000-19ec-ffff-ffff000001bd/location[39m
[35m[HTTP][39m [90m{}[39m
[35m[W3C (1074cbea)][39m Driver proxy active, passing request on via HTTP proxy
[35m[WD Proxy][39m Replacing sessionId 84d38d4c-9343-4941-9e38-2697b5fabfe3 with 1074cbea-58a7-4cd3-9fdd-6ed4cb6e2ebe
[35m[HTTP][39m [37m<-- GET /wd/hub/session/1074cbea-58a7-4cd3-9fdd-6ed4cb6e2ebe/element/00000000-0000-19ec-ffff-ffff000001bd/location [39m[32m200[39m [90m19 ms - 77[39m
[35m[HTTP][39m [90m[39m
[35m[HTTP][39m [37m-->[39m [37mPOST[39m [37m/wd/hub/session/1074cbea-58a7-4cd3-9fdd-6ed4cb6e2ebe/elements[39m
[35m[HTTP][39m [90m{"using":"xpath","value":"//*[@class = 'android.widget.TextView' and (@text = 'Archive' or . = 'Archive') and @resource-id = 'com.socialnmobile.dictapps.notepad.color.note:id/text']"}[39m
[35m[HTTP][39m [37m<-- POST /wd/hub/session/1074cbea-58a7-4cd3-9fdd-6ed4cb6e2ebe/elements [39m[32m200[39m [90m249 ms - 139[39m
[35m[HTTP][39m [90m[39m
[35m[HTTP][39m [37m-->[39m [37mGET[39m [37m/wd/hub/session/1074cbea-58a7-4cd3-9fdd-6ed4cb6e2ebe/element/00000000-0000-19ec-ffff-ffff000001bd/location[39m
[35m[HTTP][39m [90m{}[39m
[35m[W3C (1074cbea)][39m Driver proxy active, passing request on via HTTP proxy
[35m[WD Proxy][39m Replacing sessionId 84d38d4c-9343-4941-9e38-2697b5fabfe3 with 1074cbea-58a7-4cd3-9fdd-6ed4cb6e2ebe
[35m[HTTP][39m [37m<-- GET /wd/hub/session/1074cbea-58a7-4cd3-9fdd-6ed4cb6e2ebe/element/00000000-0000-19ec-ffff-ffff000001bd/location [39m[32m200[39m [90m29 ms - 77[39m
[35m[HTTP][39m [90m[39m
[35m[HTTP][39m [37m-->[39m [37mPOST[39m [37m/wd/hub/session/1074cbea-58a7-4cd3-9fdd-6ed4cb6e2ebe/elements[39m
[35m[HTTP][39m [90m{"using":"xpath","value":"//*[@class = 'android.widget.TextView' and (@text = 'Archive' or . = 'Archive') and @resource-id = 'com.socialnmobile.dictapps.notepad.color.note:id/text']"}[39m
[35m[HTTP][39m [37m<-- POST /wd/hub/session/1074cbea-58a7-4cd3-9fdd-6ed4cb6e2ebe/elements [39m[32m200[39m [90m177 ms - 139[39m
[35m[HTTP][39m [90m[39m
[35m[HTTP][39m [37m-->[39m [37mGET[39m [37m/wd/hub/session/1074cbea-58a7-4cd3-9fdd-6ed4cb6e2ebe/element/00000000-0000-19ec-ffff-ffff000001bd/location[39m
[35m[HTTP][39m [90m{}[39m
[35m[W3C (1074cbea)][39m Driver proxy active, passing request on via HTTP proxy
[35m[WD Proxy][39m Replacing sessionId 84d38d4c-9343-4941-9e38-2697b5fabfe3 with 1074cbea-58a7-4cd3-9fdd-6ed4cb6e2ebe
[35m[HTTP][39m [37m<-- GET /wd/hub/session/1074cbea-58a7-4cd3-9fdd-6ed4cb6e2ebe/element/00000000-0000-19ec-ffff-ffff000001bd/location [39m[32m200[39m [90m21 ms - 77[39m
[35m[HTTP][39m [90m[39m
[35m[HTTP][39m [37m-->[39m [37mPOST[39m [37m/wd/hub/session/1074cbea-58a7-4cd3-9fdd-6ed4cb6e2ebe/elements[39m
[35m[HTTP][39m [90m{"using":"xpath","value":"//*[@class = 'android.widget.TextView' and (@text = 'Archive' or . = 'Archive') and @resource-id = 'com.socialnmobile.dictapps.notepad.color.note:id/text']"}[39m
[35m[HTTP][39m [37m<-- POST /wd/hub/session/1074cbea-58a7-4cd3-9fdd-6ed4cb6e2ebe/elements [39m[32m200[39m [90m222 ms - 139[39m
[35m[HTTP][39m [90m[39m
[35m[HTTP][39m [37m-->[39m [37mGET[39m [37m/wd/hub/session/1074cbea-58a7-4cd3-9fdd-6ed4cb6e2ebe/element/00000000-0000-19ec-ffff-ffff000001bd/location[39m
[35m[HTTP][39m [90m{}[39m
[35m[W3C (1074cbea)][39m Driver proxy active, passing request on via HTTP proxy
[35m[WD Proxy][39m Replacing sessionId 84d38d4c-9343-4941-9e38-2697b5fabfe3 with 1074cbea-58a7-4cd3-9fdd-6ed4cb6e2ebe
[35m[HTTP][39m [37m<-- GET /wd/hub/session/1074cbea-58a7-4cd3-9fdd-6ed4cb6e2ebe/element/00000000-0000-19ec-ffff-ffff000001bd/location [39m[32m200[39m [90m31 ms - 77[39m
[35m[HTTP][39m [90m[39m
[35m[HTTP][39m [37m-->[39m [37mPOST[39m [37m/wd/hub/session/1074cbea-58a7-4cd3-9fdd-6ed4cb6e2ebe/elements[39m
[35m[HTTP][39m [90m{"using":"xpath","value":"//*[@class = 'android.widget.TextView' and (@text = 'Archive' or . = 'Archive') and @resource-id = 'com.socialnmobile.dictapps.notepad.color.note:id/text']"}[39m
[35m[HTTP][39m [37m<-- POST /wd/hub/session/1074cbea-58a7-4cd3-9fdd-6ed4cb6e2ebe/elements [39m[32m200[39m [90m245 ms - 139[39m
[35m[HTTP][39m [90m[39m
[35m[HTTP][39m [37m-->[39m [37mGET[39m [37m/wd/hub/session/1074cbea-58a7-4cd3-9fdd-6ed4cb6e2ebe/element/00000000-0000-19ec-ffff-ffff000001bd/location[39m
[35m[HTTP][39m [90m{}[39m
[35m[W3C (1074cbea)][39m Driver proxy active, passing request on via HTTP proxy
[35m[WD Proxy][39m Replacing sessionId 84d38d4c-9343-4941-9e38-2697b5fabfe3 with 1074cbea-58a7-4cd3-9fdd-6ed4cb6e2ebe
[35m[HTTP][39m [37m<-- GET /wd/hub/session/1074cbea-58a7-4cd3-9fdd-6ed4cb6e2ebe/element/00000000-0000-19ec-ffff-ffff000001bd/location [39m[32m200[39m [90m27 ms - 77[39m
[35m[HTTP][39m [90m[39m
[35m[HTTP][39m [37m-->[39m [37mPOST[39m [37m/wd/hub/session/1074cbea-58a7-4cd3-9fdd-6ed4cb6e2ebe/elements[39m
[35m[HTTP][39m [90m{"using":"xpath","value":"//*[@class = 'android.widget.TextView' and (@text = 'Archive' or . = 'Archive') and @resource-id = 'com.socialnmobile.dictapps.notepad.color.note:id/text']"}[39m
[35m[HTTP][39m [37m<-- POST /wd/hub/session/1074cbea-58a7-4cd3-9fdd-6ed4cb6e2ebe/elements [39m[32m200[39m [90m207 ms - 139[39m
[35m[HTTP][39m [90m[39m
[35m[HTTP][39m [37m-->[39m [37mGET[39m [37m/wd/hub/session/1074cbea-58a7-4cd3-9fdd-6ed4cb6e2ebe/element/00000000-0000-19ec-ffff-ffff000001bd/location[39m
[35m[HTTP][39m [90m{}[39m
[35m[W3C (1074cbea)][39m Driver proxy active, passing request on via HTTP proxy
[35m[WD Proxy][39m Replacing sessionId 84d38d4c-9343-4941-9e38-2697b5fabfe3 with 1074cbea-58a7-4cd3-9fdd-6ed4cb6e2ebe
[35m[HTTP][39m [37m<-- GET /wd/hub/session/1074cbea-58a7-4cd3-9fdd-6ed4cb6e2ebe/element/00000000-0000-19ec-ffff-ffff000001bd/location [39m[32m200[39m [90m24 ms - 77[39m
[35m[HTTP][39m [90m[39m
[35m[HTTP][39m [37m-->[39m [37mPOST[39m [37m/wd/hub/session/1074cbea-58a7-4cd3-9fdd-6ed4cb6e2ebe/elements[39m
[35m[HTTP][39m [90m{"using":"xpath","value":"//*[@class = 'android.widget.TextView' and (@text = 'Archive' or . = 'Archive') and @resource-id = 'com.socialnmobile.dictapps.notepad.color.note:id/text']"}[39m
[35m[HTTP][39m [37m<-- POST /wd/hub/session/1074cbea-58a7-4cd3-9fdd-6ed4cb6e2ebe/elements [39m[32m200[39m [90m169 ms - 139[39m
[35m[HTTP][39m [90m[39m
[35m[HTTP][39m [37m-->[39m [37mGET[39m [37m/wd/hub/session/1074cbea-58a7-4cd3-9fdd-6ed4cb6e2ebe/element/00000000-0000-19ec-ffff-ffff000001bd/location[39m
[35m[HTTP][39m [90m{}[39m
[35m[W3C (1074cbea)][39m Driver proxy active, passing request on via HTTP proxy
[35m[WD Proxy][39m Replacing sessionId 84d38d4c-9343-4941-9e38-2697b5fabfe3 with 1074cbea-58a7-4cd3-9fdd-6ed4cb6e2ebe
[35m[HTTP][39m [37m<-- GET /wd/hub/session/1074cbea-58a7-4cd3-9fdd-6ed4cb6e2ebe/element/00000000-0000-19ec-ffff-ffff000001bd/location [39m[32m200[39m [90m26 ms - 77[39m
[35m[HTTP][39m [90m[39m
[35m[HTTP][39m [37m-->[39m [37mPOST[39m [37m/wd/hub/session/1074cbea-58a7-4cd3-9fdd-6ed4cb6e2ebe/elements[39m
[35m[HTTP][39m [90m{"using":"xpath","value":"//*[@class = 'android.widget.TextView' and (@text = 'Archive' or . = 'Archive') and @resource-id = 'com.socialnmobile.dictapps.notepad.color.note:id/text']"}[39m
[35m[HTTP][39m [37m<-- POST /wd/hub/session/1074cbea-58a7-4cd3-9fdd-6ed4cb6e2ebe/elements [39m[32m200[39m [90m144 ms - 139[39m
[35m[HTTP][39m [90m[39m
[35m[HTTP][39m [37m-->[39m [37mGET[39m [37m/wd/hub/session/1074cbea-58a7-4cd3-9fdd-6ed4cb6e2ebe/element/00000000-0000-19ec-ffff-ffff000001bd/location[39m
[35m[HTTP][39m [90m{}[39m
[35m[W3C (1074cbea)][39m Driver proxy active, passing request on via HTTP proxy
[35m[WD Proxy][39m Replacing sessionId 84d38d4c-9343-4941-9e38-2697b5fabfe3 with 1074cbea-58a7-4cd3-9fdd-6ed4cb6e2ebe
[35m[HTTP][39m [37m<-- GET /wd/hub/session/1074cbea-58a7-4cd3-9fdd-6ed4cb6e2ebe/element/00000000-0000-19ec-ffff-ffff000001bd/location [39m[32m200[39m [90m21 ms - 77[39m
[35m[HTTP][39m [90m[39m
[35m[HTTP][39m [37m-->[39m [37mPOST[39m [37m/wd/hub/session/1074cbea-58a7-4cd3-9fdd-6ed4cb6e2ebe/elements[39m
[35m[HTTP][39m [90m{"using":"xpath","value":"//*[@class = 'android.widget.TextView' and (@text = 'Archive' or . = 'Archive') and @resource-id = 'com.socialnmobile.dictapps.notepad.color.note:id/text']"}[39m
[35m[HTTP][39m [37m<-- POST /wd/hub/session/1074cbea-58a7-4cd3-9fdd-6ed4cb6e2ebe/elements [39m[32m200[39m [90m159 ms - 139[39m
[35m[HTTP][39m [90m[39m
[35m[HTTP][39m [37m-->[39m [37mGET[39m [37m/wd/hub/session/1074cbea-58a7-4cd3-9fdd-6ed4cb6e2ebe/element/00000000-0000-19ec-ffff-ffff000001bd/location[39m
[35m[HTTP][39m [90m{}[39m
[35m[W3C (1074cbea)][39m Driver proxy active, passing request on via HTTP proxy
[35m[WD Proxy][39m Replacing sessionId 84d38d4c-9343-4941-9e38-2697b5fabfe3 with 1074cbea-58a7-4cd3-9fdd-6ed4cb6e2ebe
[35m[HTTP][39m [37m<-- GET /wd/hub/session/1074cbea-58a7-4cd3-9fdd-6ed4cb6e2ebe/element/00000000-0000-19ec-ffff-ffff000001bd/location [39m[32m200[39m [90m26 ms - 77[39m
[35m[HTTP][39m [90m[39m
[35m[HTTP][39m [37m-->[39m [37mPOST[39m [37m/wd/hub/session/1074cbea-58a7-4cd3-9fdd-6ed4cb6e2ebe/elements[39m
[35m[HTTP][39m [90m{"using":"xpath","value":"//*[@class = 'android.widget.TextView' and (@text = 'Archive' or . = 'Archive') and @resource-id = 'com.socialnmobile.dictapps.notepad.color.note:id/text']"}[39m
[35m[HTTP][39m [37m<-- POST /wd/hub/session/1074cbea-58a7-4cd3-9fdd-6ed4cb6e2ebe/elements [39m[32m200[39m [90m312 ms - 139[39m
[35m[HTTP][39m [90m[39m
[35m[HTTP][39m [37m-->[39m [37mGET[39m [37m/wd/hub/session/1074cbea-58a7-4cd3-9fdd-6ed4cb6e2ebe/element/00000000-0000-19ec-ffff-ffff000001bd/location[39m
[35m[HTTP][39m [90m{}[39m
[35m[W3C (1074cbea)][39m Driver proxy active, passing request on via HTTP proxy
[35m[WD Proxy][39m Replacing sessionId 84d38d4c-9343-4941-9e38-2697b5fabfe3 with 1074cbea-58a7-4cd3-9fdd-6ed4cb6e2ebe
[35m[HTTP][39m [37m<-- GET /wd/hub/session/1074cbea-58a7-4cd3-9fdd-6ed4cb6e2ebe/element/00000000-0000-19ec-ffff-ffff000001bd/location [39m[32m200[39m [90m33 ms - 77[39m
[35m[HTTP][39m [90m[39m
[35m[HTTP][39m [37m-->[39m [37mPOST[39m [37m/wd/hub/session/1074cbea-58a7-4cd3-9fdd-6ed4cb6e2ebe/elements[39m
[35m[HTTP][39m [90m{"using":"xpath","value":"//*[@class = 'android.widget.TextView' and (@text = 'Archive' or . = 'Archive') and @resource-id = 'com.socialnmobile.dictapps.notepad.color.note:id/text']"}[39m
[35m[HTTP][39m [37m<-- POST /wd/hub/session/1074cbea-58a7-4cd3-9fdd-6ed4cb6e2ebe/elements [39m[32m200[39m [90m162 ms - 139[39m
[35m[HTTP][39m [90m[39m
[35m[HTTP][39m [37m-->[39m [37mGET[39m [37m/wd/hub/session/1074cbea-58a7-4cd3-9fdd-6ed4cb6e2ebe/element/00000000-0000-19ec-ffff-ffff000001bd/location[39m
[35m[HTTP][39m [90m{}[39m
[35m[W3C (1074cbea)][39m Driver proxy active, passing request on via HTTP proxy
[35m[WD Proxy][39m Replacing sessionId 84d38d4c-9343-4941-9e38-2697b5fabfe3 with 1074cbea-58a7-4cd3-9fdd-6ed4cb6e2ebe
[35m[HTTP][39m [37m<-- GET /wd/hub/session/1074cbea-58a7-4cd3-9fdd-6ed4cb6e2ebe/element/00000000-0000-19ec-ffff-ffff000001bd/location [39m[32m200[39m [90m19 ms - 77[39m
[35m[HTTP][39m [90m[39m
[35m[HTTP][39m [37m-->[39m [37mPOST[39m [37m/wd/hub/session/1074cbea-58a7-4cd3-9fdd-6ed4cb6e2ebe/elements[39m
[35m[HTTP][39m [90m{"using":"xpath","value":"//*[@class = 'android.widget.TextView' and (@text = 'Archive' or . = 'Archive') and @resource-id = 'com.socialnmobile.dictapps.notepad.color.note:id/text']"}[39m
[35m[HTTP][39m [37m<-- POST /wd/hub/session/1074cbea-58a7-4cd3-9fdd-6ed4cb6e2ebe/elements [39m[32m200[39m [90m126 ms - 139[39m
[35m[HTTP][39m [90m[39m
[35m[HTTP][39m [37m-->[39m [37mGET[39m [37m/wd/hub/session/1074cbea-58a7-4cd3-9fdd-6ed4cb6e2ebe/element/00000000-0000-19ec-ffff-ffff000001bd/location[39m
[35m[HTTP][39m [90m{}[39m
[35m[W3C (1074cbea)][39m Driver proxy active, passing request on via HTTP proxy
[35m[WD Proxy][39m Replacing sessionId 84d38d4c-9343-4941-9e38-2697b5fabfe3 with 1074cbea-58a7-4cd3-9fdd-6ed4cb6e2ebe
[35m[HTTP][39m [37m<-- GET /wd/hub/session/1074cbea-58a7-4cd3-9fdd-6ed4cb6e2ebe/element/00000000-0000-19ec-ffff-ffff000001bd/location [39m[32m200[39m [90m27 ms - 77[39m
[35m[HTTP][39m [90m[39m
[35m[HTTP][39m [37m-->[39m [37mPOST[39m [37m/wd/hub/session/1074cbea-58a7-4cd3-9fdd-6ed4cb6e2ebe/elements[39m
[35m[HTTP][39m [90m{"using":"xpath","value":"//*[@class = 'android.widget.TextView' and (@text = 'Archive' or . = 'Archive') and @resource-id = 'com.socialnmobile.dictapps.notepad.color.note:id/text']"}[39m
[35m[HTTP][39m [37m<-- POST /wd/hub/session/1074cbea-58a7-4cd3-9fdd-6ed4cb6e2ebe/elements [39m[32m200[39m [90m211 ms - 139[39m
[35m[HTTP][39m [90m[39m
[35m[HTTP][39m [37m-->[39m [37mGET[39m [37m/wd/hub/session/1074cbea-58a7-4cd3-9fdd-6ed4cb6e2ebe/element/00000000-0000-19ec-ffff-ffff000001bd/location[39m
[35m[HTTP][39m [90m{}[39m
[35m[W3C (1074cbea)][39m Driver proxy active, passing request on via HTTP proxy
[35m[WD Proxy][39m Replacing sessionId 84d38d4c-9343-4941-9e38-2697b5fabfe3 with 1074cbea-58a7-4cd3-9fdd-6ed4cb6e2ebe
[35m[HTTP][39m [37m<-- GET /wd/hub/session/1074cbea-58a7-4cd3-9fdd-6ed4cb6e2ebe/element/00000000-0000-19ec-ffff-ffff000001bd/location [39m[32m200[39m [90m39 ms - 77[39m
[35m[HTTP][39m [90m[39m
[35m[HTTP][39m [37m-->[39m [37mPOST[39m [37m/wd/hub/session/1074cbea-58a7-4cd3-9fdd-6ed4cb6e2ebe/elements[39m
[35m[HTTP][39m [90m{"using":"xpath","value":"//*[@class = 'android.widget.TextView' and (@text = 'Archive' or . = 'Archive') and @resource-id = 'com.socialnmobile.dictapps.notepad.color.note:id/text']"}[39m
[35m[HTTP][39m [37m<-- POST /wd/hub/session/1074cbea-58a7-4cd3-9fdd-6ed4cb6e2ebe/elements [39m[32m200[39m [90m175 ms - 139[39m
[35m[HTTP][39m [90m[39m
[35m[HTTP][39m [37m-->[39m [37mGET[39m [37m/wd/hub/session/1074cbea-58a7-4cd3-9fdd-6ed4cb6e2ebe/element/00000000-0000-19ec-ffff-ffff000001bd/location[39m
[35m[HTTP][39m [90m{}[39m
[35m[W3C (1074cbea)][39m Driver proxy active, passing request on via HTTP proxy
[35m[WD Proxy][39m Replacing sessionId 84d38d4c-9343-4941-9e38-2697b5fabfe3 with 1074cbea-58a7-4cd3-9fdd-6ed4cb6e2ebe
[35m[HTTP][39m [37m<-- GET /wd/hub/session/1074cbea-58a7-4cd3-9fdd-6ed4cb6e2ebe/element/00000000-0000-19ec-ffff-ffff000001bd/location [39m[32m200[39m [90m23 ms - 77[39m
[35m[HTTP][39m [90m[39m
[35m[HTTP][39m [37m-->[39m [37mPOST[39m [37m/wd/hub/session/1074cbea-58a7-4cd3-9fdd-6ed4cb6e2ebe/elements[39m
[35m[HTTP][39m [90m{"using":"xpath","value":"//*[@class = 'android.widget.TextView' and (@text = 'Archive' or . = 'Archive') and @resource-id = 'com.socialnmobile.dictapps.notepad.color.note:id/text']"}[39m
[35m[HTTP][39m [37m<-- POST /wd/hub/session/1074cbea-58a7-4cd3-9fdd-6ed4cb6e2ebe/elements [39m[32m200[39m [90m172 ms - 139[39m
[35m[HTTP][39m [90m[39m
[35m[HTTP][39m [37m-->[39m [37mGET[39m [37m/wd/hub/session/1074cbea-58a7-4cd3-9fdd-6ed4cb6e2ebe/element/00000000-0000-19ec-ffff-ffff000001bd/location[39m
[35m[HTTP][39m [90m{}[39m
[35m[W3C (1074cbea)][39m Driver proxy active, passing request on via HTTP proxy
[35m[WD Proxy][39m Replacing sessionId 84d38d4c-9343-4941-9e38-2697b5fabfe3 with 1074cbea-58a7-4cd3-9fdd-6ed4cb6e2ebe
[35m[HTTP][39m [37m<-- GET /wd/hub/session/1074cbea-58a7-4cd3-9fdd-6ed4cb6e2ebe/element/00000000-0000-19ec-ffff-ffff000001bd/location [39m[32m200[39m [90m81 ms - 77[39m
[35m[HTTP][39m [90m[39m
[35m[HTTP][39m [37m-->[39m [37mPOST[39m [37m/wd/hub/session/1074cbea-58a7-4cd3-9fdd-6ed4cb6e2ebe/elements[39m
[35m[HTTP][39m [90m{"using":"xpath","value":"//*[@class = 'android.widget.TextView' and (@text = 'Archive' or . = 'Archive') and @resource-id = 'com.socialnmobile.dictapps.notepad.color.note:id/text']"}[39m
[35m[HTTP][39m [37m<-- POST /wd/hub/session/1074cbea-58a7-4cd3-9fdd-6ed4cb6e2ebe/elements [39m[32m200[39m [90m161 ms - 139[39m
[35m[HTTP][39m [90m[39m
[35m[HTTP][39m [37m-->[39m [37mGET[39m [37m/wd/hub/session/1074cbea-58a7-4cd3-9fdd-6ed4cb6e2ebe/element/00000000-0000-19ec-ffff-ffff000001bd/location[39m
[35m[HTTP][39m [90m{}[39m
[35m[W3C (1074cbea)][39m Driver proxy active, passing request on via HTTP proxy
[35m[WD Proxy][39m Replacing sessionId 84d38d4c-9343-4941-9e38-2697b5fabfe3 with 1074cbea-58a7-4cd3-9fdd-6ed4cb6e2ebe
[35m[HTTP][39m [37m<-- GET /wd/hub/session/1074cbea-58a7-4cd3-9fdd-6ed4cb6e2ebe/element/00000000-0000-19ec-ffff-ffff000001bd/location [39m[32m200[39m [90m16 ms - 77[39m
[35m[HTTP][39m [90m[39m
[35m[HTTP][39m [37m-->[39m [37mPOST[39m [37m/wd/hub/session/1074cbea-58a7-4cd3-9fdd-6ed4cb6e2ebe/elements[39m
[35m[HTTP][39m [90m{"using":"xpath","value":"//*[@class = 'android.widget.TextView' and (@text = 'Archive' or . = 'Archive') and @resource-id = 'com.socialnmobile.dictapps.notepad.color.note:id/text']"}[39m
[35m[HTTP][39m [37m<-- POST /wd/hub/session/1074cbea-58a7-4cd3-9fdd-6ed4cb6e2ebe/elements [39m[32m200[39m [90m150 ms - 139[39m
[35m[HTTP][39m [90m[39m
[35m[HTTP][39m [37m-->[39m [37mGET[39m [37m/wd/hub/session/1074cbea-58a7-4cd3-9fdd-6ed4cb6e2ebe/element/00000000-0000-19ec-ffff-ffff000001bd/location[39m
[35m[HTTP][39m [90m{}[39m
[35m[W3C (1074cbea)][39m Driver proxy active, passing request on via HTTP proxy
[35m[WD Proxy][39m Replacing sessionId 84d38d4c-9343-4941-9e38-2697b5fabfe3 with 1074cbea-58a7-4cd3-9fdd-6ed4cb6e2ebe
[35m[HTTP][39m [37m<-- GET /wd/hub/session/1074cbea-58a7-4cd3-9fdd-6ed4cb6e2ebe/element/00000000-0000-19ec-ffff-ffff000001bd/location [39m[32m200[39m [90m26 ms - 77[39m
[35m[HTTP][39m [90m[39m
[35m[HTTP][39m [37m-->[39m [37mPOST[39m [37m/wd/hub/session/1074cbea-58a7-4cd3-9fdd-6ed4cb6e2ebe/elements[39m
[35m[HTTP][39m [90m{"using":"xpath","value":"//*[@class = 'android.widget.TextView' and (@text = 'Archive' or . = 'Archive') and @resource-id = 'com.socialnmobile.dictapps.notepad.color.note:id/text']"}[39m
[35m[HTTP][39m [37m<-- POST /wd/hub/session/1074cbea-58a7-4cd3-9fdd-6ed4cb6e2ebe/elements [39m[32m200[39m [90m145 ms - 139[39m
[35m[HTTP][39m [90m[39m
[35m[HTTP][39m [37m-->[39m [37mGET[39m [37m/wd/hub/session/1074cbea-58a7-4cd3-9fdd-6ed4cb6e2ebe/element/00000000-0000-19ec-ffff-ffff000001bd/location[39m
[35m[HTTP][39m [90m{}[39m
[35m[W3C (1074cbea)][39m Driver proxy active, passing request on via HTTP proxy
[35m[WD Proxy][39m Replacing sessionId 84d38d4c-9343-4941-9e38-2697b5fabfe3 with 1074cbea-58a7-4cd3-9fdd-6ed4cb6e2ebe
[35m[HTTP][39m [37m<-- GET /wd/hub/session/1074cbea-58a7-4cd3-9fdd-6ed4cb6e2ebe/element/00000000-0000-19ec-ffff-ffff000001bd/location [39m[32m200[39m [90m22 ms - 77[39m
[35m[HTTP][39m [90m[39m
[35m[HTTP][39m [37m-->[39m [37mPOST[39m [37m/wd/hub/session/1074cbea-58a7-4cd3-9fdd-6ed4cb6e2ebe/elements[39m
[35m[HTTP][39m [90m{"using":"xpath","value":"//*[@class = 'android.widget.TextView' and (@text = 'Archive' or . = 'Archive') and @resource-id = 'com.socialnmobile.dictapps.notepad.color.note:id/text']"}[39m
[35m[HTTP][39m [37m<-- POST /wd/hub/session/1074cbea-58a7-4cd3-9fdd-6ed4cb6e2ebe/elements [39m[32m200[39m [90m155 ms - 139[39m
[35m[HTTP][39m [90m[39m
[35m[HTTP][39m [37m-->[39m [37mGET[39m [37m/wd/hub/session/1074cbea-58a7-4cd3-9fdd-6ed4cb6e2ebe/element/00000000-0000-19ec-ffff-ffff000001bd/location[39m
[35m[HTTP][39m [90m{}[39m
[35m[W3C (1074cbea)][39m Driver proxy active, passing request on via HTTP proxy
[35m[WD Proxy][39m Replacing sessionId 84d38d4c-9343-4941-9e38-2697b5fabfe3 with 1074cbea-58a7-4cd3-9fdd-6ed4cb6e2ebe
[35m[HTTP][39m [37m<-- GET /wd/hub/session/1074cbea-58a7-4cd3-9fdd-6ed4cb6e2ebe/element/00000000-0000-19ec-ffff-ffff000001bd/location [39m[32m200[39m [90m26 ms - 77[39m
[35m[HTTP][39m [90m[39m
[35m[HTTP][39m [37m-->[39m [37mPOST[39m [37m/wd/hub/session/1074cbea-58a7-4cd3-9fdd-6ed4cb6e2ebe/elements[39m
[35m[HTTP][39m [90m{"using":"xpath","value":"//*[@class = 'android.widget.TextView' and (@text = 'Archive' or . = 'Archive') and @resource-id = 'com.socialnmobile.dictapps.notepad.color.note:id/text']"}[39m
[35m[HTTP][39m [37m<-- POST /wd/hub/session/1074cbea-58a7-4cd3-9fdd-6ed4cb6e2ebe/elements [39m[32m200[39m [90m162 ms - 139[39m
[35m[HTTP][39m [90m[39m
[35m[HTTP][39m [37m-->[39m [37mGET[39m [37m/wd/hub/session/1074cbea-58a7-4cd3-9fdd-6ed4cb6e2ebe/element/00000000-0000-19ec-ffff-ffff000001bd/location[39m
[35m[HTTP][39m [90m{}[39m
[35m[W3C (1074cbea)][39m Driver proxy active, passing request on via HTTP proxy
[35m[WD Proxy][39m Replacing sessionId 84d38d4c-9343-4941-9e38-2697b5fabfe3 with 1074cbea-58a7-4cd3-9fdd-6ed4cb6e2ebe
[35m[HTTP][39m [37m<-- GET /wd/hub/session/1074cbea-58a7-4cd3-9fdd-6ed4cb6e2ebe/element/00000000-0000-19ec-ffff-ffff000001bd/location [39m[32m200[39m [90m43 ms - 77[39m
[35m[HTTP][39m [90m[39m
[35m[HTTP][39m [37m-->[39m [37mPOST[39m [37m/wd/hub/session/1074cbea-58a7-4cd3-9fdd-6ed4cb6e2ebe/elements[39m
[35m[HTTP][39m [90m{"using":"xpath","value":"//*[@class = 'android.widget.TextView' and (@text = 'Archive' or . = 'Archive') and @resource-id = 'com.socialnmobile.dictapps.notepad.color.note:id/text']"}[39m
[35m[HTTP][39m [37m<-- POST /wd/hub/session/1074cbea-58a7-4cd3-9fdd-6ed4cb6e2ebe/elements [39m[32m200[39m [90m167 ms - 139[39m
[35m[HTTP][39m [90m[39m
[35m[HTTP][39m [37m-->[39m [37mGET[39m [37m/wd/hub/session/1074cbea-58a7-4cd3-9fdd-6ed4cb6e2ebe/element/00000000-0000-19ec-ffff-ffff000001bd/location[39m
[35m[HTTP][39m [90m{}[39m
[35m[W3C (1074cbea)][39m Driver proxy active, passing request on via HTTP proxy
[35m[WD Proxy][39m Replacing sessionId 84d38d4c-9343-4941-9e38-2697b5fabfe3 with 1074cbea-58a7-4cd3-9fdd-6ed4cb6e2ebe
[35m[HTTP][39m [37m<-- GET /wd/hub/session/1074cbea-58a7-4cd3-9fdd-6ed4cb6e2ebe/element/00000000-0000-19ec-ffff-ffff000001bd/location [39m[32m200[39m [90m24 ms - 77[39m
[35m[HTTP][39m [90m[39m
[35m[HTTP][39m [37m-->[39m [37mPOST[39m [37m/wd/hub/session/1074cbea-58a7-4cd3-9fdd-6ed4cb6e2ebe/elements[39m
[35m[HTTP][39m [90m{"using":"xpath","value":"//*[@class = 'android.widget.TextView' and (@text = 'Archive' or . = 'Archive') and @resource-id = 'com.socialnmobile.dictapps.notepad.color.note:id/text']"}[39m
[35m[HTTP][39m [37m<-- POST /wd/hub/session/1074cbea-58a7-4cd3-9fdd-6ed4cb6e2ebe/elements [39m[32m200[39m [90m160 ms - 139[39m
[35m[HTTP][39m [90m[39m
[35m[HTTP][39m [37m-->[39m [37mGET[39m [37m/wd/hub/session/1074cbea-58a7-4cd3-9fdd-6ed4cb6e2ebe/element/00000000-0000-19ec-ffff-ffff000001bd/location[39m
[35m[HTTP][39m [90m{}[39m
[35m[W3C (1074cbea)][39m Driver proxy active, passing request on via HTTP proxy
[35m[WD Proxy][39m Replacing sessionId 84d38d4c-9343-4941-9e38-2697b5fabfe3 with 1074cbea-58a7-4cd3-9fdd-6ed4cb6e2ebe
[35m[HTTP][39m [37m<-- GET /wd/hub/session/1074cbea-58a7-4cd3-9fdd-6ed4cb6e2ebe/element/00000000-0000-19ec-ffff-ffff000001bd/location [39m[32m200[39m [90m21 ms - 77[39m
[35m[HTTP][39m [90m[39m
[35m[HTTP][39m [37m-->[39m [37mPOST[39m [37m/wd/hub/session/1074cbea-58a7-4cd3-9fdd-6ed4cb6e2ebe/elements[39m
[35m[HTTP][39m [90m{"using":"xpath","value":"//*[@class = 'android.widget.TextView' and (@text = 'Archive' or . = 'Archive') and @resource-id = 'com.socialnmobile.dictapps.notepad.color.note:id/text']"}[39m
[35m[HTTP][39m [37m<-- POST /wd/hub/session/1074cbea-58a7-4cd3-9fdd-6ed4cb6e2ebe/elements [39m[32m200[39m [90m131 ms - 139[39m
[35m[HTTP][39m [90m[39m
[35m[HTTP][39m [37m-->[39m [37mGET[39m [37m/wd/hub/session/1074cbea-58a7-4cd3-9fdd-6ed4cb6e2ebe/element/00000000-0000-19ec-ffff-ffff000001bd/location[39m
[35m[HTTP][39m [90m{}[39m
[35m[W3C (1074cbea)][39m Driver proxy active, passing request on via HTTP proxy
[35m[WD Proxy][39m Replacing sessionId 84d38d4c-9343-4941-9e38-2697b5fabfe3 with 1074cbea-58a7-4cd3-9fdd-6ed4cb6e2ebe
[35m[HTTP][39m [37m<-- GET /wd/hub/session/1074cbea-58a7-4cd3-9fdd-6ed4cb6e2ebe/element/00000000-0000-19ec-ffff-ffff000001bd/location [39m[32m200[39m [90m26 ms - 77[39m
[35m[HTTP][39m [90m[39m
[35m[HTTP][39m [37m-->[39m [37mPOST[39m [37m/wd/hub/session/1074cbea-58a7-4cd3-9fdd-6ed4cb6e2ebe/elements[39m
[35m[HTTP][39m [90m{"using":"xpath","value":"//*[@class = 'android.widget.TextView' and (@text = 'Archive' or . = 'Archive') and @resource-id = 'com.socialnmobile.dictapps.notepad.color.note:id/text']"}[39m
[35m[HTTP][39m [37m<-- POST /wd/hub/session/1074cbea-58a7-4cd3-9fdd-6ed4cb6e2ebe/elements [39m[32m200[39m [90m142 ms - 139[39m
[35m[HTTP][39m [90m[39m
[35m[HTTP][39m [37m-->[39m [37mGET[39m [37m/wd/hub/session/1074cbea-58a7-4cd3-9fdd-6ed4cb6e2ebe/element/00000000-0000-19ec-ffff-ffff000001bd/location[39m
[35m[HTTP][39m [90m{}[39m
[35m[W3C (1074cbea)][39m Driver proxy active, passing request on via HTTP proxy
[35m[WD Proxy][39m Replacing sessionId 84d38d4c-9343-4941-9e38-2697b5fabfe3 with 1074cbea-58a7-4cd3-9fdd-6ed4cb6e2ebe
[35m[HTTP][39m [37m<-- GET /wd/hub/session/1074cbea-58a7-4cd3-9fdd-6ed4cb6e2ebe/element/00000000-0000-19ec-ffff-ffff000001bd/location [39m[32m200[39m [90m26 ms - 77[39m
[35m[HTTP][39m [90m[39m
[35m[HTTP][39m [37m-->[39m [37mPOST[39m [37m/wd/hub/session/1074cbea-58a7-4cd3-9fdd-6ed4cb6e2ebe/elements[39m
[35m[HTTP][39m [90m{"using":"xpath","value":"//*[@class = 'android.widget.TextView' and (@text = 'Archive' or . = 'Archive') and @resource-id = 'com.socialnmobile.dictapps.notepad.color.note:id/text']"}[39m
[35m[HTTP][39m [37m<-- POST /wd/hub/session/1074cbea-58a7-4cd3-9fdd-6ed4cb6e2ebe/elements [39m[32m200[39m [90m142 ms - 139[39m
[35m[HTTP][39m [90m[39m
[35m[HTTP][39m [37m-->[39m [37mGET[39m [37m/wd/hub/session/1074cbea-58a7-4cd3-9fdd-6ed4cb6e2ebe/element/00000000-0000-19ec-ffff-ffff000001bd/location[39m
[35m[HTTP][39m [90m{}[39m
[35m[W3C (1074cbea)][39m Driver proxy active, passing request on via HTTP proxy
[35m[WD Proxy][39m Replacing sessionId 84d38d4c-9343-4941-9e38-2697b5fabfe3 with 1074cbea-58a7-4cd3-9fdd-6ed4cb6e2ebe
[35m[HTTP][39m [37m<-- GET /wd/hub/session/1074cbea-58a7-4cd3-9fdd-6ed4cb6e2ebe/element/00000000-0000-19ec-ffff-ffff000001bd/location [39m[32m200[39m [90m25 ms - 77[39m
[35m[HTTP][39m [90m[39m
[35m[HTTP][39m [37m-->[39m [37mPOST[39m [37m/wd/hub/session/1074cbea-58a7-4cd3-9fdd-6ed4cb6e2ebe/elements[39m
[35m[HTTP][39m [90m{"using":"xpath","value":"//*[@class = 'android.widget.TextView' and (@text = 'Archive' or . = 'Archive') and @resource-id = 'com.socialnmobile.dictapps.notepad.color.note:id/text']"}[39m
[35m[HTTP][39m [37m<-- POST /wd/hub/session/1074cbea-58a7-4cd3-9fdd-6ed4cb6e2ebe/elements [39m[32m200[39m [90m192 ms - 139[39m
[35m[HTTP][39m [90m[39m
[35m[HTTP][39m [37m-->[39m [37mGET[39m [37m/wd/hub/session/1074cbea-58a7-4cd3-9fdd-6ed4cb6e2ebe/element/00000000-0000-19ec-ffff-ffff000001bd/location[39m
[35m[HTTP][39m [90m{}[39m
[35m[W3C (1074cbea)][39m Driver proxy active, passing request on via HTTP proxy
[35m[WD Proxy][39m Replacing sessionId 84d38d4c-9343-4941-9e38-2697b5fabfe3 with 1074cbea-58a7-4cd3-9fdd-6ed4cb6e2ebe
[35m[HTTP][39m [37m<-- GET /wd/hub/session/1074cbea-58a7-4cd3-9fdd-6ed4cb6e2ebe/element/00000000-0000-19ec-ffff-ffff000001bd/location [39m[32m200[39m [90m25 ms - 77[39m
[35m[HTTP][39m [90m[39m
[35m[HTTP][39m [37m-->[39m [37mPOST[39m [37m/wd/hub/session/1074cbea-58a7-4cd3-9fdd-6ed4cb6e2ebe/elements[39m
[35m[HTTP][39m [90m{"using":"xpath","value":"//*[@class = 'android.widget.TextView' and (@text = 'Archive' or . = 'Archive') and @resource-id = 'com.socialnmobile.dictapps.notepad.color.note:id/text']"}[39m
[35m[HTTP][39m [37m<-- POST /wd/hub/session/1074cbea-58a7-4cd3-9fdd-6ed4cb6e2ebe/elements [39m[32m200[39m [90m198 ms - 139[39m
[35m[HTTP][39m [90m[39m
[35m[HTTP][39m [37m-->[39m [37mGET[39m [37m/wd/hub/session/1074cbea-58a7-4cd3-9fdd-6ed4cb6e2ebe/element/00000000-0000-19ec-ffff-ffff000001bd/location[39m
[35m[HTTP][39m [90m{}[39m
[35m[W3C (1074cbea)][39m Driver proxy active, passing request on via HTTP proxy
[35m[WD Proxy][39m Replacing sessionId 84d38d4c-9343-4941-9e38-2697b5fabfe3 with 1074cbea-58a7-4cd3-9fdd-6ed4cb6e2ebe
[35m[HTTP][39m [37m<-- GET /wd/hub/session/1074cbea-58a7-4cd3-9fdd-6ed4cb6e2ebe/element/00000000-0000-19ec-ffff-ffff000001bd/location [39m[32m200[39m [90m24 ms - 77[39m
[35m[HTTP][39m [90m[39m
[35m[HTTP][39m [37m-->[39m [37mPOST[39m [37m/wd/hub/session/1074cbea-58a7-4cd3-9fdd-6ed4cb6e2ebe/elements[39m
[35m[HTTP][39m [90m{"using":"xpath","value":"//*[@class = 'android.widget.TextView' and (@text = 'Archive' or . = 'Archive') and @resource-id = 'com.socialnmobile.dictapps.notepad.color.note:id/text']"}[39m
[35m[HTTP][39m [37m<-- POST /wd/hub/session/1074cbea-58a7-4cd3-9fdd-6ed4cb6e2ebe/elements [39m[32m200[39m [90m157 ms - 139[39m
[35m[HTTP][39m [90m[39m
[35m[HTTP][39m [37m-->[39m [37mGET[39m [37m/wd/hub/session/1074cbea-58a7-4cd3-9fdd-6ed4cb6e2ebe/element/00000000-0000-19ec-ffff-ffff000001bd/location[39m
[35m[HTTP][39m [90m{}[39m
[35m[W3C (1074cbea)][39m Driver proxy active, passing request on via HTTP proxy
[35m[WD Proxy][39m Replacing sessionId 84d38d4c-9343-4941-9e38-2697b5fabfe3 with 1074cbea-58a7-4cd3-9fdd-6ed4cb6e2ebe
[35m[HTTP][39m [37m<-- GET /wd/hub/session/1074cbea-58a7-4cd3-9fdd-6ed4cb6e2ebe/element/00000000-0000-19ec-ffff-ffff000001bd/location [39m[32m200[39m [90m25 ms - 77[39m
[35m[HTTP][39m [90m[39m
[35m[HTTP][39m [37m-->[39m [37mPOST[39m [37m/wd/hub/session/1074cbea-58a7-4cd3-9fdd-6ed4cb6e2ebe/elements[39m
[35m[HTTP][39m [90m{"using":"xpath","value":"//*[@class = 'android.widget.TextView' and (@text = 'Archive' or . = 'Archive') and @resource-id = 'com.socialnmobile.dictapps.notepad.color.note:id/text']"}[39m
[35m[HTTP][39m [37m<-- POST /wd/hub/session/1074cbea-58a7-4cd3-9fdd-6ed4cb6e2ebe/elements [39m[32m200[39m [90m176 ms - 139[39m
[35m[HTTP][39m [90m[39m
[35m[HTTP][39m [37m-->[39m [37mGET[39m [37m/wd/hub/session/1074cbea-58a7-4cd3-9fdd-6ed4cb6e2ebe/element/00000000-0000-19ec-ffff-ffff000001bd/location[39m
[35m[HTTP][39m [90m{}[39m
[35m[W3C (1074cbea)][39m Driver proxy active, passing request on via HTTP proxy
[35m[WD Proxy][39m Replacing sessionId 84d38d4c-9343-4941-9e38-2697b5fabfe3 with 1074cbea-58a7-4cd3-9fdd-6ed4cb6e2ebe
[35m[HTTP][39m [37m<-- GET /wd/hub/session/1074cbea-58a7-4cd3-9fdd-6ed4cb6e2ebe/element/00000000-0000-19ec-ffff-ffff000001bd/location [39m[32m200[39m [90m30 ms - 77[39m
[35m[HTTP][39m [90m[39m
[35m[HTTP][39m [37m-->[39m [37mPOST[39m [37m/wd/hub/session/1074cbea-58a7-4cd3-9fdd-6ed4cb6e2ebe/elements[39m
[35m[HTTP][39m [90m{"using":"xpath","value":"//*[@class = 'android.widget.TextView' and (@text = 'Archive' or . = 'Archive') and @resource-id = 'com.socialnmobile.dictapps.notepad.color.note:id/text']"}[39m
[35m[HTTP][39m [37m<-- POST /wd/hub/session/1074cbea-58a7-4cd3-9fdd-6ed4cb6e2ebe/elements [39m[32m200[39m [90m159 ms - 139[39m
[35m[HTTP][39m [90m[39m
[35m[HTTP][39m [37m-->[39m [37mGET[39m [37m/wd/hub/session/1074cbea-58a7-4cd3-9fdd-6ed4cb6e2ebe/element/00000000-0000-19ec-ffff-ffff000001bd/location[39m
[35m[HTTP][39m [90m{}[39m
[35m[W3C (1074cbea)][39m Driver proxy active, passing request on via HTTP proxy
[35m[WD Proxy][39m Replacing sessionId 84d38d4c-9343-4941-9e38-2697b5fabfe3 with 1074cbea-58a7-4cd3-9fdd-6ed4cb6e2ebe
[35m[HTTP][39m [37m<-- GET /wd/hub/session/1074cbea-58a7-4cd3-9fdd-6ed4cb6e2ebe/element/00000000-0000-19ec-ffff-ffff000001bd/location [39m[32m200[39m [90m33 ms - 77[39m
[35m[HTTP][39m [90m[39m
[35m[HTTP][39m [37m-->[39m [37mPOST[39m [37m/wd/hub/session/1074cbea-58a7-4cd3-9fdd-6ed4cb6e2ebe/elements[39m
[35m[HTTP][39m [90m{"using":"xpath","value":"//*[@class = 'android.widget.TextView' and (@text = 'Archive' or . = 'Archive') and @resource-id = 'com.socialnmobile.dictapps.notepad.color.note:id/text']"}[39m
[35m[HTTP][39m [37m<-- POST /wd/hub/session/1074cbea-58a7-4cd3-9fdd-6ed4cb6e2ebe/elements [39m[32m200[39m [90m157 ms - 139[39m
[35m[HTTP][39m [90m[39m
[35m[HTTP][39m [37m-->[39m [37mGET[39m [37m/wd/hub/session/1074cbea-58a7-4cd3-9fdd-6ed4cb6e2ebe/element/00000000-0000-19ec-ffff-ffff000001bd/location[39m
[35m[HTTP][39m [90m{}[39m
[35m[W3C (1074cbea)][39m Driver proxy active, passing request on via HTTP proxy
[35m[WD Proxy][39m Replacing sessionId 84d38d4c-9343-4941-9e38-2697b5fabfe3 with 1074cbea-58a7-4cd3-9fdd-6ed4cb6e2ebe
[35m[HTTP][39m [37m<-- GET /wd/hub/session/1074cbea-58a7-4cd3-9fdd-6ed4cb6e2ebe/element/00000000-0000-19ec-ffff-ffff000001bd/location [39m[32m200[39m [90m49 ms - 77[39m
[35m[HTTP][39m [90m[39m
[35m[HTTP][39m [37m-->[39m [37mPOST[39m [37m/wd/hub/session/1074cbea-58a7-4cd3-9fdd-6ed4cb6e2ebe/elements[39m
[35m[HTTP][39m [90m{"using":"xpath","value":"//*[@class = 'android.widget.TextView' and (@text = 'Archive' or . = 'Archive') and @resource-id = 'com.socialnmobile.dictapps.notepad.color.note:id/text']"}[39m
[35m[HTTP][39m [37m<-- POST /wd/hub/session/1074cbea-58a7-4cd3-9fdd-6ed4cb6e2ebe/elements [39m[32m200[39m [90m132 ms - 139[39m
[35m[HTTP][39m [90m[39m
[35m[HTTP][39m [37m-->[39m [37mGET[39m [37m/wd/hub/session/1074cbea-58a7-4cd3-9fdd-6ed4cb6e2ebe/element/00000000-0000-19ec-ffff-ffff000001bd/location[39m
[35m[HTTP][39m [90m{}[39m
[35m[W3C (1074cbea)][39m Driver proxy active, passing request on via HTTP proxy
[35m[WD Proxy][39m Replacing sessionId 84d38d4c-9343-4941-9e38-2697b5fabfe3 with 1074cbea-58a7-4cd3-9fdd-6ed4cb6e2ebe
[35m[HTTP][39m [37m<-- GET /wd/hub/session/1074cbea-58a7-4cd3-9fdd-6ed4cb6e2ebe/element/00000000-0000-19ec-ffff-ffff000001bd/location [39m[32m200[39m [90m26 ms - 77[39m
[35m[HTTP][39m [90m[39m
[35m[HTTP][39m [37m-->[39m [37mPOST[39m [37m/wd/hub/session/1074cbea-58a7-4cd3-9fdd-6ed4cb6e2ebe/elements[39m
[35m[HTTP][39m [90m{"using":"xpath","value":"//*[@class = 'android.widget.TextView' and (@text = 'Archive' or . = 'Archive') and @resource-id = 'com.socialnmobile.dictapps.notepad.color.note:id/text']"}[39m
[35m[HTTP][39m [37m<-- POST /wd/hub/session/1074cbea-58a7-4cd3-9fdd-6ed4cb6e2ebe/elements [39m[32m200[39m [90m181 ms - 139[39m
[35m[HTTP][39m [90m[39m
[35m[HTTP][39m [37m-->[39m [37mGET[39m [37m/wd/hub/session/1074cbea-58a7-4cd3-9fdd-6ed4cb6e2ebe/element/00000000-0000-19ec-ffff-ffff000001bd/location[39m
[35m[HTTP][39m [90m{}[39m
[35m[W3C (1074cbea)][39m Driver proxy active, passing request on via HTTP proxy
[35m[WD Proxy][39m Replacing sessionId 84d38d4c-9343-4941-9e38-2697b5fabfe3 with 1074cbea-58a7-4cd3-9fdd-6ed4cb6e2ebe
[35m[HTTP][39m [37m<-- GET /wd/hub/session/1074cbea-58a7-4cd3-9fdd-6ed4cb6e2ebe/element/00000000-0000-19ec-ffff-ffff000001bd/location [39m[32m200[39m [90m23 ms - 77[39m
[35m[HTTP][39m [90m[39m
[35m[HTTP][39m [37m-->[39m [37mPOST[39m [37m/wd/hub/session/1074cbea-58a7-4cd3-9fdd-6ed4cb6e2ebe/elements[39m
[35m[HTTP][39m [90m{"using":"xpath","value":"//*[@class = 'android.widget.TextView' and (@text = 'Archive' or . = 'Archive') and @resource-id = 'com.socialnmobile.dictapps.notepad.color.note:id/text']"}[39m
[35m[HTTP][39m [37m<-- POST /wd/hub/session/1074cbea-58a7-4cd3-9fdd-6ed4cb6e2ebe/elements [39m[32m200[39m [90m146 ms - 139[39m
[35m[HTTP][39m [90m[39m
[35m[HTTP][39m [37m-->[39m [37mGET[39m [37m/wd/hub/session/1074cbea-58a7-4cd3-9fdd-6ed4cb6e2ebe/element/00000000-0000-19ec-ffff-ffff000001bd/location[39m
[35m[HTTP][39m [90m{}[39m
[35m[W3C (1074cbea)][39m Driver proxy active, passing request on via HTTP proxy
[35m[WD Proxy][39m Replacing sessionId 84d38d4c-9343-4941-9e38-2697b5fabfe3 with 1074cbea-58a7-4cd3-9fdd-6ed4cb6e2ebe
[35m[HTTP][39m [37m<-- GET /wd/hub/session/1074cbea-58a7-4cd3-9fdd-6ed4cb6e2ebe/element/00000000-0000-19ec-ffff-ffff000001bd/location [39m[32m200[39m [90m24 ms - 77[39m
[35m[HTTP][39m [90m[39m
[35m[HTTP][39m [37m-->[39m [37mPOST[39m [37m/wd/hub/session/1074cbea-58a7-4cd3-9fdd-6ed4cb6e2ebe/elements[39m
[35m[HTTP][39m [90m{"using":"xpath","value":"//*[@class = 'android.widget.TextView' and (@text = 'Archive' or . = 'Archive') and @resource-id = 'com.socialnmobile.dictapps.notepad.color.note:id/text']"}[39m
[35m[HTTP][39m [37m<-- POST /wd/hub/session/1074cbea-58a7-4cd3-9fdd-6ed4cb6e2ebe/elements [39m[32m200[39m [90m169 ms - 139[39m
[35m[HTTP][39m [90m[39m
[35m[HTTP][39m [37m-->[39m [37mGET[39m [37m/wd/hub/session/1074cbea-58a7-4cd3-9fdd-6ed4cb6e2ebe/element/00000000-0000-19ec-ffff-ffff000001bd/location[39m
[35m[HTTP][39m [90m{}[39m
[35m[W3C (1074cbea)][39m Driver proxy active, passing request on via HTTP proxy
[35m[WD Proxy][39m Replacing sessionId 84d38d4c-9343-4941-9e38-2697b5fabfe3 with 1074cbea-58a7-4cd3-9fdd-6ed4cb6e2ebe
[35m[HTTP][39m [37m<-- GET /wd/hub/session/1074cbea-58a7-4cd3-9fdd-6ed4cb6e2ebe/element/00000000-0000-19ec-ffff-ffff000001bd/location [39m[32m200[39m [90m26 ms - 77[39m
[35m[HTTP][39m [90m[39m
[35m[HTTP][39m [37m-->[39m [37mPOST[39m [37m/wd/hub/session/1074cbea-58a7-4cd3-9fdd-6ed4cb6e2ebe/elements[39m
[35m[HTTP][39m [90m{"using":"xpath","value":"//*[@class = 'android.widget.TextView' and (@text = 'Archive' or . = 'Archive') and @resource-id = 'com.socialnmobile.dictapps.notepad.color.note:id/text']"}[39m
[35m[HTTP][39m [37m<-- POST /wd/hub/session/1074cbea-58a7-4cd3-9fdd-6ed4cb6e2ebe/elements [39m[32m200[39m [90m156 ms - 139[39m
[35m[HTTP][39m [90m[39m
[35m[HTTP][39m [37m-->[39m [37mGET[39m [37m/wd/hub/session/1074cbea-58a7-4cd3-9fdd-6ed4cb6e2ebe/element/00000000-0000-19ec-ffff-ffff000001bd/location[39m
[35m[HTTP][39m [90m{}[39m
[35m[W3C (1074cbea)][39m Driver proxy active, passing request on via HTTP proxy
[35m[WD Proxy][39m Replacing sessionId 84d38d4c-9343-4941-9e38-2697b5fabfe3 with 1074cbea-58a7-4cd3-9fdd-6ed4cb6e2ebe
[35m[HTTP][39m [37m<-- GET /wd/hub/session/1074cbea-58a7-4cd3-9fdd-6ed4cb6e2ebe/element/00000000-0000-19ec-ffff-ffff000001bd/location [39m[32m200[39m [90m18 ms - 77[39m
[35m[HTTP][39m [90m[39m
[35m[HTTP][39m [37m-->[39m [37mPOST[39m [37m/wd/hub/session/1074cbea-58a7-4cd3-9fdd-6ed4cb6e2ebe/elements[39m
[35m[HTTP][39m [90m{"using":"xpath","value":"//*[@class = 'android.widget.TextView' and (@text = 'Archive' or . = 'Archive') and @resource-id = 'com.socialnmobile.dictapps.notepad.color.note:id/text']"}[39m
[35m[HTTP][39m [37m<-- POST /wd/hub/session/1074cbea-58a7-4cd3-9fdd-6ed4cb6e2ebe/elements [39m[32m200[39m [90m132 ms - 139[39m
[35m[HTTP][39m [90m[39m
[35m[HTTP][39m [37m-->[39m [37mGET[39m [37m/wd/hub/session/1074cbea-58a7-4cd3-9fdd-6ed4cb6e2ebe/element/00000000-0000-19ec-ffff-ffff000001bd/location[39m
[35m[HTTP][39m [90m{}[39m
[35m[W3C (1074cbea)][39m Driver proxy active, passing request on via HTTP proxy
[35m[WD Proxy][39m Replacing sessionId 84d38d4c-9343-4941-9e38-2697b5fabfe3 with 1074cbea-58a7-4cd3-9fdd-6ed4cb6e2ebe
[35m[HTTP][39m [37m<-- GET /wd/hub/session/1074cbea-58a7-4cd3-9fdd-6ed4cb6e2ebe/element/00000000-0000-19ec-ffff-ffff000001bd/location [39m[32m200[39m [90m41 ms - 77[39m
[35m[HTTP][39m [90m[39m
[35m[HTTP][39m [37m-->[39m [37mPOST[39m [37m/wd/hub/session/1074cbea-58a7-4cd3-9fdd-6ed4cb6e2ebe/element/00000000-0000-19ec-ffff-ffff000001bd/click[39m
[35m[HTTP][39m [90m{"id":"00000000-0000-19ec-ffff-ffff000001bd"}[39m
[35m[HTTP][39m [37m<-- POST /wd/hub/session/1074cbea-58a7-4cd3-9fdd-6ed4cb6e2ebe/element/00000000-0000-19ec-ffff-ffff000001bd/click [39m[32m200[39m [90m131 ms - 14[39m
[35m[HTTP][39m [90m[39m
[35m[HTTP][39m [37m-->[39m [37mGET[39m [37m/wd/hub/session/1074cbea-58a7-4cd3-9fdd-6ed4cb6e2ebe/source[39m
[35m[HTTP][39m [90m{}[39m
[35m[W3C (1074cbea)][39m Driver proxy active, passing request on via HTTP proxy
[35m[WD Proxy][39m Replacing sessionId 84d38d4c-9343-4941-9e38-2697b5fabfe3 with 1074cbea-58a7-4cd3-9fdd-6ed4cb6e2ebe
[35m[HTTP][39m [37m<-- GET /wd/hub/session/1074cbea-58a7-4cd3-9fdd-6ed4cb6e2ebe/source [39m[32m200[39m [90m81 ms - 9114[39m
[35m[HTTP][39m [90m[39m
[35m[HTTP][39m [37m-->[39m [37mGET[39m [37m/wd/hub/session/1074cbea-58a7-4cd3-9fdd-6ed4cb6e2ebe/screenshot[39m
[35m[HTTP][39m [90m{}[39m
[35m[HTTP][39m [37m<-- GET /wd/hub/session/1074cbea-58a7-4cd3-9fdd-6ed4cb6e2ebe/screenshot [39m[32m200[39m [90m342 ms - 183858[39m
[35m[HTTP][39m [90m[39m
[35m[HTTP][39m [37m-->[39m [37mPOST[39m [37m/wd/hub/session/1074cbea-58a7-4cd3-9fdd-6ed4cb6e2ebe/elements[39m
[35m[HTTP][39m [90m{"using":"xpath","value":"//*[@class = 'android.widget.Button' and (@text = 'OK' or . = 'OK') and @resource-id = 'android:id/button1']"}[39m
[35m[HTTP][39m [37m<-- POST /wd/hub/session/1074cbea-58a7-4cd3-9fdd-6ed4cb6e2ebe/elements [39m[32m200[39m [90m123 ms - 139[39m
[35m[HTTP][39m [90m[39m
[35m[HTTP][39m [37m-->[39m [37mGET[39m [37m/wd/hub/session/1074cbea-58a7-4cd3-9fdd-6ed4cb6e2ebe/window/rect[39m
[35m[HTTP][39m [90m{}[39m
[35m[HTTP][39m [37m<-- GET /wd/hub/session/1074cbea-58a7-4cd3-9fdd-6ed4cb6e2ebe/window/rect [39m[32m200[39m [90m17 ms - 50[39m
[35m[HTTP][39m [90m[39m
[35m[HTTP][39m [37m-->[39m [37mPOST[39m [37m/wd/hub/session/1074cbea-58a7-4cd3-9fdd-6ed4cb6e2ebe/elements[39m
[35m[HTTP][39m [90m{"using":"xpath","value":"//*[@class = 'android.widget.Button' and (@text = 'OK' or . = 'OK') and @resource-id = 'android:id/button1']"}[39m
[35m[HTTP][39m [37m<-- POST /wd/hub/session/1074cbea-58a7-4cd3-9fdd-6ed4cb6e2ebe/elements [39m[32m200[39m [90m127 ms - 139[39m
[35m[HTTP][39m [90m[39m
[35m[HTTP][39m [37m-->[39m [37mGET[39m [37m/wd/hub/session/1074cbea-58a7-4cd3-9fdd-6ed4cb6e2ebe/element/00000000-0000-19fd-ffff-ffff000001e8/location[39m
[35m[HTTP][39m [90m{}[39m
[35m[W3C (1074cbea)][39m Driver proxy active, passing request on via HTTP proxy
[35m[WD Proxy][39m Replacing sessionId 84d38d4c-9343-4941-9e38-2697b5fabfe3 with 1074cbea-58a7-4cd3-9fdd-6ed4cb6e2ebe
[35m[HTTP][39m [37m<-- GET /wd/hub/session/1074cbea-58a7-4cd3-9fdd-6ed4cb6e2ebe/element/00000000-0000-19fd-ffff-ffff000001e8/location [39m[32m200[39m [90m21 ms - 79[39m
[35m[HTTP][39m [90m[39m
[35m[HTTP][39m [37m-->[39m [37mPOST[39m [37m/wd/hub/session/1074cbea-58a7-4cd3-9fdd-6ed4cb6e2ebe/element/00000000-0000-19fd-ffff-ffff000001e8/click[39m
[35m[HTTP][39m [90m{"id":"00000000-0000-19fd-ffff-ffff000001e8"}[39m
[35m[HTTP][39m [37m<-- POST /wd/hub/session/1074cbea-58a7-4cd3-9fdd-6ed4cb6e2ebe/element/00000000-0000-19fd-ffff-ffff000001e8/click [39m[32m200[39m [90m93 ms - 14[39m
[35m[HTTP][39m [90m[39m
[35m[HTTP][39m [37m-->[39m [37mGET[39m [37m/wd/hub/session/1074cbea-58a7-4cd3-9fdd-6ed4cb6e2ebe/source[39m
[35m[HTTP][39m [90m{}[39m
[35m[W3C (1074cbea)][39m Driver proxy active, passing request on via HTTP proxy
[35m[WD Proxy][39m Replacing sessionId 84d38d4c-9343-4941-9e38-2697b5fabfe3 with 1074cbea-58a7-4cd3-9fdd-6ed4cb6e2ebe
[35m[HTTP][39m [37m<-- GET /wd/hub/session/1074cbea-58a7-4cd3-9fdd-6ed4cb6e2ebe/source [39m[32m200[39m [90m555 ms - 22584[39m
[35m[HTTP][39m [90m[39m
[35m[HTTP][39m [37m-->[39m [37mGET[39m [37m/wd/hub/session/1074cbea-58a7-4cd3-9fdd-6ed4cb6e2ebe/screenshot[39m
[35m[HTTP][39m [90m{}[39m
[35m[HTTP][39m [37m<-- GET /wd/hub/session/1074cbea-58a7-4cd3-9fdd-6ed4cb6e2ebe/screenshot [39m[32m200[39m [90m371 ms - 159474[39m
[35m[HTTP][39m [90m[39m
[35m[HTTP][39m [37m-->[39m [37mPOST[39m [37m/wd/hub/session/1074cbea-58a7-4cd3-9fdd-6ed4cb6e2ebe/elements[39m
[35m[HTTP][39m [90m{"using":"xpath","value":"//*[@class = 'android.widget.ImageView' and @resource-id = 'com.socialnmobile.dictapps.notepad.color.note:id/icon' and (@text = '' or . = '')]"}[39m
[35m[HTTP][39m [37m<-- POST /wd/hub/session/1074cbea-58a7-4cd3-9fdd-6ed4cb6e2ebe/elements [39m[32m200[39m [90m146 ms - 651[39m
[35m[HTTP][39m [90m[39m
[35m[HTTP][39m [37m-->[39m [37mPOST[39m [37m/wd/hub/session/1074cbea-58a7-4cd3-9fdd-6ed4cb6e2ebe/elements[39m
[35m[HTTP][39m [90m{"using":"id","value":"com.socialnmobile.dictapps.notepad.color.note:id/icon"}[39m
[35m[HTTP][39m [37m<-- POST /wd/hub/session/1074cbea-58a7-4cd3-9fdd-6ed4cb6e2ebe/elements [39m[32m200[39m [90m76 ms - 651[39m
[35m[HTTP][39m [90m[39m
[35m[HTTP][39m [37m-->[39m [37mPOST[39m [37m/wd/hub/session/1074cbea-58a7-4cd3-9fdd-6ed4cb6e2ebe/elements[39m
[35m[HTTP][39m [90m{"using":"-android uiautomator","value":"new UiSelector().className(\"android.widget.ImageView\").resourceId(\"com.socialnmobile.dictapps.notepad.color.note:id/icon\")"}[39m
[35m[HTTP][39m [37m<-- POST /wd/hub/session/1074cbea-58a7-4cd3-9fdd-6ed4cb6e2ebe/elements [39m[32m200[39m [90m112 ms - 651[39m
[35m[HTTP][39m [90m[39m
[35m[HTTP][39m [37m-->[39m [37mPOST[39m [37m/wd/hub/session/1074cbea-58a7-4cd3-9fdd-6ed4cb6e2ebe/elements[39m
[35m[HTTP][39m [90m{"using":"xpath","value":"//*[@class = 'android.widget.ImageView' and @resource-id = 'com.socialnmobile.dictapps.notepad.color.note:id/icon' and (@text = '' or . = '')]"}[39m
[35m[HTTP][39m [37m<-- POST /wd/hub/session/1074cbea-58a7-4cd3-9fdd-6ed4cb6e2ebe/elements [39m[32m200[39m [90m216 ms - 651[39m
[35m[HTTP][39m [90m[39m
[35m[HTTP][39m [37m-->[39m [37mPOST[39m [37m/wd/hub/session/1074cbea-58a7-4cd3-9fdd-6ed4cb6e2ebe/elements[39m
[35m[HTTP][39m [90m{"using":"id","value":"com.socialnmobile.dictapps.notepad.color.note:id/icon"}[39m
[35m[HTTP][39m [37m<-- POST /wd/hub/session/1074cbea-58a7-4cd3-9fdd-6ed4cb6e2ebe/elements [39m[32m200[39m [90m82 ms - 651[39m
[35m[HTTP][39m [90m[39m
[35m[HTTP][39m [37m-->[39m [37mPOST[39m [37m/wd/hub/session/1074cbea-58a7-4cd3-9fdd-6ed4cb6e2ebe/elements[39m
[35m[HTTP][39m [90m{"using":"-android uiautomator","value":"new UiSelector().className(\"android.widget.ImageView\").resourceId(\"com.socialnmobile.dictapps.notepad.color.note:id/icon\")"}[39m
[35m[HTTP][39m [37m<-- POST /wd/hub/session/1074cbea-58a7-4cd3-9fdd-6ed4cb6e2ebe/elements [39m[32m200[39m [90m155 ms - 651[39m
[35m[HTTP][39m [90m[39m
[35m[HTTP][39m [37m-->[39m [37mGET[39m [37m/wd/hub/session/1074cbea-58a7-4cd3-9fdd-6ed4cb6e2ebe/source[39m
[35m[HTTP][39m [90m{}[39m
[35m[W3C (1074cbea)][39m Driver proxy active, passing request on via HTTP proxy
[35m[WD Proxy][39m Replacing sessionId 84d38d4c-9343-4941-9e38-2697b5fabfe3 with 1074cbea-58a7-4cd3-9fdd-6ed4cb6e2ebe
[35m[HTTP][39m [37m<-- GET /wd/hub/session/1074cbea-58a7-4cd3-9fdd-6ed4cb6e2ebe/source [39m[32m200[39m [90m169 ms - 22441[39m
[35m[HTTP][39m [90m[39m
[35m[HTTP][39m [37m-->[39m [37mGET[39m [37m/wd/hub/session/1074cbea-58a7-4cd3-9fdd-6ed4cb6e2ebe/screenshot[39m
[35m[HTTP][39m [90m{}[39m
[35m[HTTP][39m [37m<-- GET /wd/hub/session/1074cbea-58a7-4cd3-9fdd-6ed4cb6e2ebe/screenshot [39m[32m200[39m [90m362 ms - 152138[39m
[35m[HTTP][39m [90m[39m
[35m[HTTP][39m [37m-->[39m [37mPOST[39m [37m/wd/hub/session/1074cbea-58a7-4cd3-9fdd-6ed4cb6e2ebe/elements[39m
[35m[HTTP][39m [90m{"using":"xpath","value":"//*[@class = 'android.widget.ImageView' and @resource-id = 'com.socialnmobile.dictapps.notepad.color.note:id/icon' and (@text = '' or . = '')]"}[39m
[35m[HTTP][39m [37m<-- POST /wd/hub/session/1074cbea-58a7-4cd3-9fdd-6ed4cb6e2ebe/elements [39m[32m200[39m [90m205 ms - 651[39m
[35m[HTTP][39m [90m[39m
[35m[HTTP][39m [37m-->[39m [37mPOST[39m [37m/wd/hub/session/1074cbea-58a7-4cd3-9fdd-6ed4cb6e2ebe/elements[39m
[35m[HTTP][39m [90m{"using":"id","value":"com.socialnmobile.dictapps.notepad.color.note:id/icon"}[39m
[35m[HTTP][39m [37m<-- POST /wd/hub/session/1074cbea-58a7-4cd3-9fdd-6ed4cb6e2ebe/elements [39m[32m200[39m [90m98 ms - 651[39m
[35m[HTTP][39m [90m[39m
[35m[HTTP][39m [37m-->[39m [37mPOST[39m [37m/wd/hub/session/1074cbea-58a7-4cd3-9fdd-6ed4cb6e2ebe/elements[39m
[35m[HTTP][39m [90m{"using":"-android uiautomator","value":"new UiSelector().className(\"android.widget.ImageView\").resourceId(\"com.socialnmobile.dictapps.notepad.color.note:id/icon\")"}[39m
[35m[HTTP][39m [37m<-- POST /wd/hub/session/1074cbea-58a7-4cd3-9fdd-6ed4cb6e2ebe/elements [39m[32m200[39m [90m102 ms - 651[39m
[35m[HTTP][39m [90m[39m
[35m[HTTP][39m [37m-->[39m [37mGET[39m [37m/wd/hub/session/1074cbea-58a7-4cd3-9fdd-6ed4cb6e2ebe/window/rect[39m
[35m[HTTP][39m [90m{}[39m
[35m[HTTP][39m [37m<-- GET /wd/hub/session/1074cbea-58a7-4cd3-9fdd-6ed4cb6e2ebe/window/rect [39m[32m200[39m [90m13 ms - 50[39m
[35m[HTTP][39m [90m[39m
[35m[HTTP][39m [37m-->[39m [37mPOST[39m [37m/wd/hub/session/1074cbea-58a7-4cd3-9fdd-6ed4cb6e2ebe/elements[39m
[35m[HTTP][39m [90m{"using":"xpath","value":"//hierarchy/android.widget.FrameLayout[1]/android.widget.LinearLayout[1]/android.widget.FrameLayout[1]/android.widget.FrameLayout[1]/android.widget.FrameLayout[1]/android.view.ViewGroup[1]/android.widget.RelativeLayout[1]/android.widget.FrameLayout[2]/android.view.ViewGroup[1]/android.widget.FrameLayout[5]/android.widget.ImageView[1]"}[39m
[35m[HTTP][39m [37m<-- POST /wd/hub/session/1074cbea-58a7-4cd3-9fdd-6ed4cb6e2ebe/elements [39m[32m200[39m [90m168 ms - 139[39m
[35m[HTTP][39m [90m[39m
[35m[HTTP][39m [37m-->[39m [37mGET[39m [37m/wd/hub/session/1074cbea-58a7-4cd3-9fdd-6ed4cb6e2ebe/element/00000000-0000-19ec-ffff-ffff00000032/location[39m
[35m[HTTP][39m [90m{}[39m
[35m[W3C (1074cbea)][39m Driver proxy active, passing request on via HTTP proxy
[35m[WD Proxy][39m Replacing sessionId 84d38d4c-9343-4941-9e38-2697b5fabfe3 with 1074cbea-58a7-4cd3-9fdd-6ed4cb6e2ebe
[35m[HTTP][39m [37m<-- GET /wd/hub/session/1074cbea-58a7-4cd3-9fdd-6ed4cb6e2ebe/element/00000000-0000-19ec-ffff-ffff00000032/location [39m[32m200[39m [90m22 ms - 79[39m
[35m[HTTP][39m [90m[39m
[35m[HTTP][39m [37m-->[39m [37mPOST[39m [37m/wd/hub/session/1074cbea-58a7-4cd3-9fdd-6ed4cb6e2ebe/element/00000000-0000-19ec-ffff-ffff00000032/click[39m
[35m[HTTP][39m [90m{"id":"00000000-0000-19ec-ffff-ffff00000032"}[39m
[35m[HTTP][39m [37m<-- POST /wd/hub/session/1074cbea-58a7-4cd3-9fdd-6ed4cb6e2ebe/element/00000000-0000-19ec-ffff-ffff00000032/click [39m[32m200[39m [90m79 ms - 14[39m
[35m[HTTP][39m [90m[39m
[35m[HTTP][39m [37m-->[39m [37mGET[39m [37m/wd/hub/session/1074cbea-58a7-4cd3-9fdd-6ed4cb6e2ebe/source[39m
[35m[HTTP][39m [90m{}[39m
[35m[W3C (1074cbea)][39m Driver proxy active, passing request on via HTTP proxy
[35m[WD Proxy][39m Replacing sessionId 84d38d4c-9343-4941-9e38-2697b5fabfe3 with 1074cbea-58a7-4cd3-9fdd-6ed4cb6e2ebe
[35m[HTTP][39m [37m<-- GET /wd/hub/session/1074cbea-58a7-4cd3-9fdd-6ed4cb6e2ebe/source [39m[32m200[39m [90m191 ms - 27623[39m
[35m[HTTP][39m [90m[39m
[35m[HTTP][39m [37m-->[39m [37mGET[39m [37m/wd/hub/session/1074cbea-58a7-4cd3-9fdd-6ed4cb6e2ebe/screenshot[39m
[35m[HTTP][39m [90m{}[39m
[35m[HTTP][39m [37m<-- GET /wd/hub/session/1074cbea-58a7-4cd3-9fdd-6ed4cb6e2ebe/screenshot [39m[32m200[39m [90m338 ms - 169950[39m
[35m[HTTP][39m [90m[39m
[35m[HTTP][39m [37m-->[39m [37mPOST[39m [37m/wd/hub/session/1074cbea-58a7-4cd3-9fdd-6ed4cb6e2ebe/elements[39m
[35m[HTTP][39m [90m{"using":"xpath","value":"//*[@class = 'android.widget.TextView' and (@text = 'Archive' or . = 'Archive') and @resource-id = 'com.socialnmobile.dictapps.notepad.color.note:id/text']"}[39m
[35m[HTTP][39m [37m<-- POST /wd/hub/session/1074cbea-58a7-4cd3-9fdd-6ed4cb6e2ebe/elements [39m[32m200[39m [90m254 ms - 139[39m
[35m[HTTP][39m [90m[39m
[35m[HTTP][39m [37m-->[39m [37mPOST[39m [37m/wd/hub/session/1074cbea-58a7-4cd3-9fdd-6ed4cb6e2ebe/elements[39m
[35m[HTTP][39m [90m{"using":"xpath","value":"//*[@class = 'android.widget.TextView' and (@text = 'Archive' or . = 'Archive') and @resource-id = 'com.socialnmobile.dictapps.notepad.color.note:id/text']"}[39m
[35m[HTTP][39m [37m<-- POST /wd/hub/session/1074cbea-58a7-4cd3-9fdd-6ed4cb6e2ebe/elements [39m[32m200[39m [90m135 ms - 139[39m
[35m[HTTP][39m [90m[39m
[35m[HTTP][39m [37m-->[39m [37mGET[39m [37m/wd/hub/session/1074cbea-58a7-4cd3-9fdd-6ed4cb6e2ebe/source[39m
[35m[HTTP][39m [90m{}[39m
[35m[W3C (1074cbea)][39m Driver proxy active, passing request on via HTTP proxy
[35m[WD Proxy][39m Replacing sessionId 84d38d4c-9343-4941-9e38-2697b5fabfe3 with 1074cbea-58a7-4cd3-9fdd-6ed4cb6e2ebe
[35m[HTTP][39m [37m<-- GET /wd/hub/session/1074cbea-58a7-4cd3-9fdd-6ed4cb6e2ebe/source [39m[32m200[39m [90m209 ms - 27623[39m
[35m[HTTP][39m [90m[39m
[35m[HTTP][39m [37m-->[39m [37mGET[39m [37m/wd/hub/session/1074cbea-58a7-4cd3-9fdd-6ed4cb6e2ebe/screenshot[39m
[35m[HTTP][39m [90m{}[39m
[35m[HTTP][39m [37m<-- GET /wd/hub/session/1074cbea-58a7-4cd3-9fdd-6ed4cb6e2ebe/screenshot [39m[32m200[39m [90m395 ms - 169770[39m
[35m[HTTP][39m [90m[39m
[35m[HTTP][39m [37m-->[39m [37mPOST[39m [37m/wd/hub/session/1074cbea-58a7-4cd3-9fdd-6ed4cb6e2ebe/elements[39m
[35m[HTTP][39m [90m{"using":"xpath","value":"//*[@class = 'android.widget.TextView' and (@text = 'Archive' or . = 'Archive') and @resource-id = 'com.socialnmobile.dictapps.notepad.color.note:id/text']"}[39m
[35m[HTTP][39m [37m<-- POST /wd/hub/session/1074cbea-58a7-4cd3-9fdd-6ed4cb6e2ebe/elements [39m[32m200[39m [90m164 ms - 139[39m
[35m[HTTP][39m [90m[39m
[35m[HTTP][39m [37m-->[39m [37mGET[39m [37m/wd/hub/session/1074cbea-58a7-4cd3-9fdd-6ed4cb6e2ebe/window/rect[39m
[35m[HTTP][39m [90m{}[39m
[35m[HTTP][39m [37m<-- GET /wd/hub/session/1074cbea-58a7-4cd3-9fdd-6ed4cb6e2ebe/window/rect [39m[32m200[39m [90m13 ms - 50[39m
[35m[HTTP][39m [90m[39m
[35m[HTTP][39m [37m-->[39m [37mPOST[39m [37m/wd/hub/session/1074cbea-58a7-4cd3-9fdd-6ed4cb6e2ebe/elements[39m
[35m[HTTP][39m [90m{"using":"xpath","value":"//*[@class = 'android.widget.TextView' and (@text = 'Archive' or . = 'Archive') and @resource-id = 'com.socialnmobile.dictapps.notepad.color.note:id/text']"}[39m
[35m[HTTP][39m [37m<-- POST /wd/hub/session/1074cbea-58a7-4cd3-9fdd-6ed4cb6e2ebe/elements [39m[32m200[39m [90m135 ms - 139[39m
[35m[HTTP][39m [90m[39m
[35m[HTTP][39m [37m-->[39m [37mGET[39m [37m/wd/hub/session/1074cbea-58a7-4cd3-9fdd-6ed4cb6e2ebe/element/00000000-0000-19ec-ffff-ffff00000075/location[39m
[35m[HTTP][39m [90m{}[39m
[35m[W3C (1074cbea)][39m Driver proxy active, passing request on via HTTP proxy
[35m[WD Proxy][39m Replacing sessionId 84d38d4c-9343-4941-9e38-2697b5fabfe3 with 1074cbea-58a7-4cd3-9fdd-6ed4cb6e2ebe
[35m[HTTP][39m [37m<-- GET /wd/hub/session/1074cbea-58a7-4cd3-9fdd-6ed4cb6e2ebe/element/00000000-0000-19ec-ffff-ffff00000075/location [39m[32m200[39m [90m22 ms - 77[39m
[35m[HTTP][39m [90m[39m
[35m[HTTP][39m [37m-->[39m [37mPOST[39m [37m/wd/hub/session/1074cbea-58a7-4cd3-9fdd-6ed4cb6e2ebe/element/00000000-0000-19ec-ffff-ffff00000075/click[39m
[35m[HTTP][39m [90m{"id":"00000000-0000-19ec-ffff-ffff00000075"}[39m
[35m[HTTP][39m [37m<-- POST /wd/hub/session/1074cbea-58a7-4cd3-9fdd-6ed4cb6e2ebe/element/00000000-0000-19ec-ffff-ffff00000075/click [39m[32m200[39m [90m939 ms - 14[39m
[35m[HTTP][39m [90m[39m
[35m[HTTP][39m [37m-->[39m [37mGET[39m [37m/wd/hub/session/1074cbea-58a7-4cd3-9fdd-6ed4cb6e2ebe/source[39m
[35m[HTTP][39m [90m{}[39m
[35m[W3C (1074cbea)][39m Driver proxy active, passing request on via HTTP proxy
[35m[WD Proxy][39m Replacing sessionId 84d38d4c-9343-4941-9e38-2697b5fabfe3 with 1074cbea-58a7-4cd3-9fdd-6ed4cb6e2ebe
[35m[HTTP][39m [37m<-- GET /wd/hub/session/1074cbea-58a7-4cd3-9fdd-6ed4cb6e2ebe/source [39m[32m200[39m [90m147 ms - 35063[39m
[35m[HTTP][39m [90m[39m
[35m[HTTP][39m [37m-->[39m [37mGET[39m [37m/wd/hub/session/1074cbea-58a7-4cd3-9fdd-6ed4cb6e2ebe/screenshot[39m
[35m[HTTP][39m [90m{}[39m
[35m[HTTP][39m [37m<-- GET /wd/hub/session/1074cbea-58a7-4cd3-9fdd-6ed4cb6e2ebe/screenshot [39m[32m200[39m [90m304 ms - 144444[39m
[35m[HTTP][39m [90m[39m
[35m[HTTP][39m [37m-->[39m [37mPOST[39m [37m/wd/hub/session/1074cbea-58a7-4cd3-9fdd-6ed4cb6e2ebe/elements[39m
[35m[HTTP][39m [90m{"using":"xpath","value":"//*[@class = 'android.widget.TextView' and (@text = 'Regression Testing' or . = 'Regression Testing') and @resource-id = 'com.socialnmobile.dictapps.notepad.color.note:id/title']"}[39m
[35m[HTTP][39m [37m<-- POST /wd/hub/session/1074cbea-58a7-4cd3-9fdd-6ed4cb6e2ebe/elements [39m[32m200[39m [90m259 ms - 139[39m
[35m[HTTP][39m [90m[39m
[35m[HTTP][39m [37m-->[39m [37mPOST[39m [37m/wd/hub/session/1074cbea-58a7-4cd3-9fdd-6ed4cb6e2ebe/elements[39m
[35m[HTTP][39m [90m{"using":"xpath","value":"//*[@class = 'android.widget.TextView' and (@text = 'Regression Testing' or . = 'Regression Testing') and @resource-id = 'com.socialnmobile.dictapps.notepad.color.note:id/title']"}[39m
[35m[HTTP][39m [37m<-- POST /wd/hub/session/1074cbea-58a7-4cd3-9fdd-6ed4cb6e2ebe/elements [39m[32m200[39m [90m176 ms - 139[39m
[35m[HTTP][39m [90m[39m
[35m[HTTP][39m [37m-->[39m [37mGET[39m [37m/wd/hub/session/1074cbea-58a7-4cd3-9fdd-6ed4cb6e2ebe/source[39m
[35m[HTTP][39m [90m{}[39m
[35m[W3C (1074cbea)][39m Driver proxy active, passing request on via HTTP proxy
[35m[WD Proxy][39m Replacing sessionId 84d38d4c-9343-4941-9e38-2697b5fabfe3 with 1074cbea-58a7-4cd3-9fdd-6ed4cb6e2ebe
[35m[HTTP][39m [37m<-- GET /wd/hub/session/1074cbea-58a7-4cd3-9fdd-6ed4cb6e2ebe/source [39m[32m200[39m [90m206 ms - 35063[39m
[35m[HTTP][39m [90m[39m
[35m[HTTP][39m [37m-->[39m [37mGET[39m [37m/wd/hub/session/1074cbea-58a7-4cd3-9fdd-6ed4cb6e2ebe/screenshot[39m
[35m[HTTP][39m [90m{}[39m
[35m[HTTP][39m [37m<-- GET /wd/hub/session/1074cbea-58a7-4cd3-9fdd-6ed4cb6e2ebe/screenshot [39m[32m200[39m [90m393 ms - 144522[39m
[35m[HTTP][39m [90m[39m
[35m[HTTP][39m [37m-->[39m [37mPOST[39m [37m/wd/hub/session/1074cbea-58a7-4cd3-9fdd-6ed4cb6e2ebe/elements[39m
[35m[HTTP][39m [90m{"using":"xpath","value":"//*[@class = 'android.widget.TextView' and (@text = 'Cloud Testing' or . = 'Cloud Testing') and @resource-id = 'com.socialnmobile.dictapps.notepad.color.note:id/title']"}[39m
[35m[HTTP][39m [37m<-- POST /wd/hub/session/1074cbea-58a7-4cd3-9fdd-6ed4cb6e2ebe/elements [39m[32m200[39m [90m160 ms - 139[39m
[35m[HTTP][39m [90m[39m
[35m[HTTP][39m [37m-->[39m [37mPOST[39m [37m/wd/hub/session/1074cbea-58a7-4cd3-9fdd-6ed4cb6e2ebe/elements[39m
[35m[HTTP][39m [90m{"using":"xpath","value":"//*[@class = 'android.widget.TextView' and (@text = 'Cloud Testing' or . = 'Cloud Testing') and @resource-id = 'com.socialnmobile.dictapps.notepad.color.note:id/title']"}[39m
[35m[HTTP][39m [37m<-- POST /wd/hub/session/1074cbea-58a7-4cd3-9fdd-6ed4cb6e2ebe/elements [39m[32m200[39m [90m185 ms - 139[39m
[35m[HTTP][39m [90m[39m
[35m[HTTP][39m [37m-->[39m [37mGET[39m [37m/wd/hub/session/1074cbea-58a7-4cd3-9fdd-6ed4cb6e2ebe/source[39m
[35m[HTTP][39m [90m{}[39m
[35m[W3C (1074cbea)][39m Driver proxy active, passing request on via HTTP proxy
[35m[WD Proxy][39m Replacing sessionId 84d38d4c-9343-4941-9e38-2697b5fabfe3 with 1074cbea-58a7-4cd3-9fdd-6ed4cb6e2ebe
[35m[HTTP][39m [37m<-- GET /wd/hub/session/1074cbea-58a7-4cd3-9fdd-6ed4cb6e2ebe/source [39m[32m200[39m [90m276 ms - 35063[39m
[35m[HTTP][39m [90m[39m
[35m[HTTP][39m [37m-->[39m [37mGET[39m [37m/wd/hub/session/1074cbea-58a7-4cd3-9fdd-6ed4cb6e2ebe/screenshot[39m
[35m[HTTP][39m [90m{}[39m
[35m[HTTP][39m [37m<-- GET /wd/hub/session/1074cbea-58a7-4cd3-9fdd-6ed4cb6e2ebe/screenshot [39m[32m200[39m [90m377 ms - 144486[39m
[35m[HTTP][39m [90m[39m
[35m[HTTP][39m [37m-->[39m [37mPOST[39m [37m/wd/hub/session/1074cbea-58a7-4cd3-9fdd-6ed4cb6e2ebe/elements[39m
[35m[HTTP][39m [90m{"using":"xpath","value":"//*[@class = 'android.widget.ImageButton' and @resource-id = 'com.socialnmobile.dictapps.notepad.color.note:id/icon_nav' and (@text = '' or . = '')]"}[39m
[35m[HTTP][39m [37m<-- POST /wd/hub/session/1074cbea-58a7-4cd3-9fdd-6ed4cb6e2ebe/elements [39m[32m200[39m [90m208 ms - 139[39m
[35m[HTTP][39m [90m[39m
[35m[HTTP][39m [37m-->[39m [37mGET[39m [37m/wd/hub/session/1074cbea-58a7-4cd3-9fdd-6ed4cb6e2ebe/window/rect[39m
[35m[HTTP][39m [90m{}[39m
[35m[HTTP][39m [37m<-- GET /wd/hub/session/1074cbea-58a7-4cd3-9fdd-6ed4cb6e2ebe/window/rect [39m[32m200[39m [90m22 ms - 50[39m
[35m[HTTP][39m [90m[39m
[35m[HTTP][39m [37m-->[39m [37mPOST[39m [37m/wd/hub/session/1074cbea-58a7-4cd3-9fdd-6ed4cb6e2ebe/elements[39m
[35m[HTTP][39m [90m{"using":"xpath","value":"//*[@class = 'android.widget.ImageButton' and @resource-id = 'com.socialnmobile.dictapps.notepad.color.note:id/icon_nav' and (@text = '' or . = '')]"}[39m
[35m[HTTP][39m [37m<-- POST /wd/hub/session/1074cbea-58a7-4cd3-9fdd-6ed4cb6e2ebe/elements [39m[32m200[39m [90m163 ms - 139[39m
[35m[HTTP][39m [90m[39m
[35m[HTTP][39m [37m-->[39m [37mGET[39m [37m/wd/hub/session/1074cbea-58a7-4cd3-9fdd-6ed4cb6e2ebe/element/00000000-0000-19ec-ffff-ffff00000010/location[39m
[35m[HTTP][39m [90m{}[39m
[35m[W3C (1074cbea)][39m Driver proxy active, passing request on via HTTP proxy
[35m[WD Proxy][39m Replacing sessionId 84d38d4c-9343-4941-9e38-2697b5fabfe3 with 1074cbea-58a7-4cd3-9fdd-6ed4cb6e2ebe
[35m[HTTP][39m [37m<-- GET /wd/hub/session/1074cbea-58a7-4cd3-9fdd-6ed4cb6e2ebe/element/00000000-0000-19ec-ffff-ffff00000010/location [39m[32m200[39m [90m29 ms - 76[39m
[35m[HTTP][39m [90m[39m
[35m[HTTP][39m [37m-->[39m [37mPOST[39m [37m/wd/hub/session/1074cbea-58a7-4cd3-9fdd-6ed4cb6e2ebe/element/00000000-0000-19ec-ffff-ffff00000010/click[39m
[35m[HTTP][39m [90m{"id":"00000000-0000-19ec-ffff-ffff00000010"}[39m
[35m[HTTP][39m [37m<-- POST /wd/hub/session/1074cbea-58a7-4cd3-9fdd-6ed4cb6e2ebe/element/00000000-0000-19ec-ffff-ffff00000010/click [39m[32m200[39m [90m898 ms - 14[39m
[35m[HTTP][39m [90m[39m
[35m[HTTP][39m [37m-->[39m [37mGET[39m [37m/wd/hub/session/1074cbea-58a7-4cd3-9fdd-6ed4cb6e2ebe/source[39m
[35m[HTTP][39m [90m{}[39m
[35m[W3C (1074cbea)][39m Driver proxy active, passing request on via HTTP proxy
[35m[WD Proxy][39m Replacing sessionId 84d38d4c-9343-4941-9e38-2697b5fabfe3 with 1074cbea-58a7-4cd3-9fdd-6ed4cb6e2ebe
[35m[HTTP][39m [37m<-- GET /wd/hub/session/1074cbea-58a7-4cd3-9fdd-6ed4cb6e2ebe/source [39m[32m200[39m [90m169 ms - 27623[39m
[35m[HTTP][39m [90m[39m
[35m[HTTP][39m [37m-->[39m [37mGET[39m [37m/wd/hub/session/1074cbea-58a7-4cd3-9fdd-6ed4cb6e2ebe/screenshot[39m
[35m[HTTP][39m [90m{}[39m
[35m[HTTP][39m [37m<-- GET /wd/hub/session/1074cbea-58a7-4cd3-9fdd-6ed4cb6e2ebe/screenshot [39m[32m200[39m [90m428 ms - 169992[39m
[35m[HTTP][39m [90m[39m
[35m[HTTP][39m [37m-->[39m [37mPOST[39m [37m/wd/hub/session/1074cbea-58a7-4cd3-9fdd-6ed4cb6e2ebe/elements[39m
[35m[HTTP][39m [90m{"using":"xpath","value":"//*[@class = 'android.widget.ImageView' and @resource-id = 'com.socialnmobile.dictapps.notepad.color.note:id/icon' and (@text = '' or . = '')]"}[39m
[35m[HTTP][39m [37m<-- POST /wd/hub/session/1074cbea-58a7-4cd3-9fdd-6ed4cb6e2ebe/elements [39m[32m200[39m [90m240 ms - 1419[39m
[35m[HTTP][39m [90m[39m
[35m[HTTP][39m [37m-->[39m [37mPOST[39m [37m/wd/hub/session/1074cbea-58a7-4cd3-9fdd-6ed4cb6e2ebe/elements[39m
[35m[HTTP][39m [90m{"using":"id","value":"com.socialnmobile.dictapps.notepad.color.note:id/icon"}[39m
[35m[HTTP][39m [37m<-- POST /wd/hub/session/1074cbea-58a7-4cd3-9fdd-6ed4cb6e2ebe/elements [39m[32m200[39m [90m95 ms - 1419[39m
[35m[HTTP][39m [90m[39m
[35m[HTTP][39m [37m-->[39m [37mPOST[39m [37m/wd/hub/session/1074cbea-58a7-4cd3-9fdd-6ed4cb6e2ebe/elements[39m
[35m[HTTP][39m [90m{"using":"-android uiautomator","value":"new UiSelector().className(\"android.widget.ImageView\").resourceId(\"com.socialnmobile.dictapps.notepad.color.note:id/icon\")"}[39m
[35m[HTTP][39m [37m<-- POST /wd/hub/session/1074cbea-58a7-4cd3-9fdd-6ed4cb6e2ebe/elements [39m[32m200[39m [90m138 ms - 1419[39m
[35m[HTTP][39m [90m[39m
[35m[HTTP][39m [37m-->[39m [37mGET[39m [37m/wd/hub/session/1074cbea-58a7-4cd3-9fdd-6ed4cb6e2ebe/window/rect[39m
[35m[HTTP][39m [90m{}[39m
[35m[HTTP][39m [37m<-- GET /wd/hub/session/1074cbea-58a7-4cd3-9fdd-6ed4cb6e2ebe/window/rect [39m[32m200[39m [90m11 ms - 50[39m
[35m[HTTP][39m [90m[39m
[35m[HTTP][39m [37m-->[39m [37mPOST[39m [37m/wd/hub/session/1074cbea-58a7-4cd3-9fdd-6ed4cb6e2ebe/elements[39m
[35m[HTTP][39m [90m{"using":"xpath","value":"//hierarchy/android.widget.FrameLayout[1]/android.widget.LinearLayout[1]/android.widget.FrameLayout[1]/android.widget.FrameLayout[1]/android.widget.FrameLayout[1]/android.view.ViewGroup[1]/android.widget.RelativeLayout[1]/android.widget.FrameLayout[2]/android.view.ViewGroup[1]/android.widget.FrameLayout[1]/android.widget.ImageView[1]"}[39m
[35m[HTTP][39m [37m<-- POST /wd/hub/session/1074cbea-58a7-4cd3-9fdd-6ed4cb6e2ebe/elements [39m[32m200[39m [90m149 ms - 139[39m
[35m[HTTP][39m [90m[39m
[35m[HTTP][39m [37m-->[39m [37mGET[39m [37m/wd/hub/session/1074cbea-58a7-4cd3-9fdd-6ed4cb6e2ebe/element/00000000-0000-19ec-ffff-ffff0000001e/location[39m
[35m[HTTP][39m [90m{}[39m
[35m[W3C (1074cbea)][39m Driver proxy active, passing request on via HTTP proxy
[35m[WD Proxy][39m Replacing sessionId 84d38d4c-9343-4941-9e38-2697b5fabfe3 with 1074cbea-58a7-4cd3-9fdd-6ed4cb6e2ebe
[35m[HTTP][39m [37m<-- GET /wd/hub/session/1074cbea-58a7-4cd3-9fdd-6ed4cb6e2ebe/element/00000000-0000-19ec-ffff-ffff0000001e/location [39m[32m200[39m [90m16 ms - 78[39m
[35m[HTTP][39m [90m[39m
[35m[HTTP][39m [37m-->[39m [37mPOST[39m [37m/wd/hub/session/1074cbea-58a7-4cd3-9fdd-6ed4cb6e2ebe/element/00000000-0000-19ec-ffff-ffff0000001e/click[39m
[35m[HTTP][39m [90m{"id":"00000000-0000-19ec-ffff-ffff0000001e"}[39m
[35m[HTTP][39m [37m<-- POST /wd/hub/session/1074cbea-58a7-4cd3-9fdd-6ed4cb6e2ebe/element/00000000-0000-19ec-ffff-ffff0000001e/click [39m[32m200[39m [90m96 ms - 14[39m
[35m[HTTP][39m [90m[39m
[35m[HTTP][39m [37m-->[39m [37mGET[39m [37m/wd/hub/session/1074cbea-58a7-4cd3-9fdd-6ed4cb6e2ebe/source[39m
[35m[HTTP][39m [90m{}[39m
[35m[W3C (1074cbea)][39m Driver proxy active, passing request on via HTTP proxy
[35m[WD Proxy][39m Replacing sessionId 84d38d4c-9343-4941-9e38-2697b5fabfe3 with 1074cbea-58a7-4cd3-9fdd-6ed4cb6e2ebe
[35m[HTTP][39m [37m<-- GET /wd/hub/session/1074cbea-58a7-4cd3-9fdd-6ed4cb6e2ebe/source [39m[32m200[39m [90m97 ms - 22441[39m
[35m[HTTP][39m [90m[39m
[35m[HTTP][39m [37m-->[39m [37mGET[39m [37m/wd/hub/session/1074cbea-58a7-4cd3-9fdd-6ed4cb6e2ebe/screenshot[39m
[35m[HTTP][39m [90m{}[39m
[35m[HTTP][39m [37m<-- GET /wd/hub/session/1074cbea-58a7-4cd3-9fdd-6ed4cb6e2ebe/screenshot [39m[32m200[39m [90m334 ms - 153702[39m
[35m[HTTP][39m [90m[39m
[35m[HTTP][39m [37m-->[39m [37mDELETE[39m [37m/wd/hub/session/1074cbea-58a7-4cd3-9fdd-6ed4cb6e2ebe[39m
[35m[HTTP][39m [90m{}[39m
[35m[Appium][39m Removing session 1074cbea-58a7-4cd3-9fdd-6ed4cb6e2ebe from our master session list
[35m[UiAutomator2][39m Restoring hidden api policy to the device default configuration
[35m[HTTP][39m [37m<-- DELETE /wd/hub/session/1074cbea-58a7-4cd3-9fdd-6ed4cb6e2ebe [39m[32m200[39m [90m484 ms - 14[39m
[35m[HTTP][39m [90m[39m
